0 stores accepted at 21:59:35 on 04 19 2017 out of 1, rate of accepted stores is 0.000000 percent
0 stores accepted at 22:02:39 on 04 19 2017 out of 1, rate of accepted stores is 0.000000 percent
0 stores accepted at 22:03:34 on 04 19 2017 out of 1, rate of accepted stores is 0.000000 percent
0 stores accepted at 22:04:40 on 04 19 2017 out of 1, rate of accepted stores is 0.000000 percent
0 stores accepted at 22:05:01 on 04 19 2017 out of 1, rate of accepted stores is 0.000000 percent
0 stores accepted at 22:06:14 on 04 19 2017 out of 1, rate of accepted stores is 0.000000 percent
0 stores accepted at 22:11:10 on 04 19 2017 out of 1, rate of accepted stores is 0.000000 percent
0 stores accepted at 22:11:49 on 04 19 2017 out of 1, rate of accepted stores is 0.000000 percent
0 stores accepted at 22:16:43 on 04 19 2017 out of 1, rate of accepted stores is 0.000000 percent
['card-addiction-anaheim', 's.txt'] store accepted at 22:22:52 on 04 19 2017
0 stores accepted at 22:25:14 on 04 19 2017 out of 3, rate of accepted stores is 0.000000 percent
0 stores accepted at 07:00:03 on 04 20 2017 out of 4, rate of accepted stores is 0.000000 percent
0 stores accepted at 09:27:14 on 04 20 2017 out of 5, rate of accepted stores is 0.000000 percent
0 stores accepted at 09:40:20 on 04 20 2017 out of 5, rate of accepted stores is 0.000000 percent
0 stores accepted at 20:55:07 on 04 20 2017 out of 7, rate of accepted stores is 0.000000 percent
0 stores accepted at 23:00:51 on 04 20 2017 out of 9, rate of accepted stores is 0.000000 percent
0 stores accepted at 23:02:46 on 04 20 2017 out of 4, rate of accepted stores is 0.000000 percent
0 stores accepted at 23:24:24 on 04 20 2017 out of 1, rate of accepted stores is 0.000000 percent
['blast-from-the-past-tracy', 's.txt'] store accepted at 01:27:18 on 04 25 2017
['adventures-in-comics-and-games-carmichael', 's.txt'] store accepted at 01:27:19 on 04 25 2017
['blaqk-door-fort-bragg', 's.txt'] store accepted at 01:27:19 on 04 25 2017
['the-game-hub-manhattan-beach-2', 's.txt'] store accepted at 18:58:18 on 04 25 2017
['grass-valley-games-grass-valley', 's.txt'] store accepted at 18:58:19 on 04 25 2017
['gamers-path-manteca', 's.txt'] store accepted at 18:58:19 on 04 25 2017
['gamers-guild-pittsburg', 's.txt'] store accepted at 18:58:19 on 04 25 2017
['knight-ware-studio-city', 's.txt'] store accepted at 18:58:19 on 04 25 2017
['nerdvana-carson-city', 's.txt'] store accepted at 18:58:19 on 04 25 2017
['the-train-shop-santa-clara', 's.txt'] store accepted at 18:58:20 on 04 25 2017
['world-8-los-angeles', 's.txt'] store accepted at 18:58:20 on 04 25 2017
['toms-model-los-angeles', 's.txt'] store accepted at 18:58:20 on 04 25 2017
['marbles-the-brain-store-sherman-oaks', 's.txt'] store accepted at 18:58:20 on 04 25 2017
['games-and-cards-superstore-eagle-rock-2', 's.txt'] store accepted at 18:58:20 on 04 25 2017
['aero-hobbies-santa-monica', 's.txt'] store accepted at 18:58:21 on 04 25 2017
['valhalla-hobbies-and-games-stockton', 's.txt'] store accepted at 18:58:21 on 04 25 2017
['davis-cards-and-games-davis', 's.txt'] store accepted at 18:58:21 on 04 25 2017
['high-tide-comics-books-and-games-bodega-bay', 's.txt'] store accepted at 18:58:21 on 04 25 2017
['hobbytown-usa-folsom-folsom', 's.txt'] store accepted at 18:58:21 on 04 25 2017
['njoy-games-and-comics-los-angeles-2', 's.txt'] store accepted at 18:58:22 on 04 25 2017
['miracle-mile-toys-and-games-los-angeles', 's.txt'] store accepted at 18:58:22 on 04 25 2017
['a-place-to-game-yuba-city', 's.txt'] store accepted at 18:58:22 on 04 25 2017
['game-empire-pasadena', 's.txt'] store accepted at 18:58:22 on 04 25 2017
['gamestop-canoga-park-2', 's.txt'] store accepted at 18:58:23 on 04 25 2017
['hobbytown-fresno', 's.txt'] store accepted at 18:58:23 on 04 25 2017
['best-buy-union-city-2', 's.txt'] store accepted at 18:58:23 on 04 25 2017
['north-coast-roleplaying-eureka', 's.txt'] store accepted at 18:58:23 on 04 25 2017
['toy-mandala-sherman-oaks', 's.txt'] store accepted at 18:58:23 on 04 25 2017
0 stores accepted at 19:53:26 on 04 25 2017 out of 77, rate of accepted stores is 0.000000 percent
['dragon-fire-games-lynchburg', 's.txt'] store accepted at 06:58:42 on 04 26 2017
['all-star-cards-santee', 's.txt'] store accepted at 06:58:42 on 04 26 2017
['san-diego-games-and-comics-san-diego-4', 's.txt'] store accepted at 06:58:42 on 04 26 2017
['at-ease-games-gaming-and-tournament-center-san-diego-2', 's.txt'] store accepted at 06:58:43 on 04 26 2017
['game-empire-san-diego', 's.txt'] store accepted at 06:58:43 on 04 26 2017
['all-ways-gaming-chatsworth', 's.txt'] store accepted at 06:58:43 on 04 26 2017
['hypno-comics-and-games-ventura', 's.txt'] store accepted at 06:58:43 on 04 26 2017
7 stores accepted at 06:58:43 on 04 26 2017 out of 11, rate of accepted stores is 0.636364 percent
['gamestop-san-diego-4', 's.txt'] store accepted at 18:58:42 on 04 26 2017
['gamestop-san-diego-8', 's.txt'] store accepted at 18:58:43 on 04 26 2017
['games-workshop-san-diego', 's.txt'] store accepted at 18:58:43 on 04 26 2017
['brute-force-games-san-diego', 's.txt'] store accepted at 18:58:43 on 04 26 2017
4 stores accepted at 18:58:43 on 04 26 2017 out of 12, rate of accepted stores is 0.333333 percent
0 stores accepted at 06:59:36 on 04 27 2017 out of 12, rate of accepted stores is 0.000000 percent
['its-your-move-colorado-springs-2', 's.txt'] store accepted at 18:59:42 on 04 27 2017
['hobbytown-usa-longmont', 's.txt'] store accepted at 18:59:42 on 04 27 2017
['the-haunted-game-cafe-fort-collins', 's.txt'] store accepted at 18:59:43 on 04 27 2017
['gamers-haven-colorado-springs', 's.txt'] store accepted at 18:59:43 on 04 27 2017
['petries-family-games-colorado-springs-3', 's.txt'] store accepted at 18:59:43 on 04 27 2017
['atomic-goblin-games-longmont', 's.txt'] store accepted at 18:59:43 on 04 27 2017
['gryphon-games-and-comics-fort-collins-2', 's.txt'] store accepted at 18:59:44 on 04 27 2017
['muse-comics-games-colorado-springs', 's.txt'] store accepted at 18:59:44 on 04 27 2017
8 stores accepted at 18:59:44 on 04 27 2017 out of 12, rate of accepted stores is 0.666667 percent
['terracrux-tacoma', 's.txt'] store accepted at 22:24:41 on 04 27 2017
['hobbytown-usa-fort-collins-fort-collins-2', 's.txt'] store accepted at 22:24:41 on 04 27 2017
['digital-dungeon-greeley', 's.txt'] store accepted at 22:24:41 on 04 27 2017
3 stores accepted at 22:24:41 on 04 27 2017 out of 4, rate of accepted stores is 0.750000 percent
['roadside-hobbies-tacoma', 's.txt'] store accepted at 07:00:39 on 04 28 2017
['baxters-queen-creek', 's.txt'] store accepted at 07:01:42 on 04 29 2017
['game-haven-st-george', 's.txt'] store accepted at 07:01:42 on 04 29 2017
['imperial-outpost-games-glendale', 's.txt'] store accepted at 07:01:43 on 04 29 2017
['game-depot-tempe', 's.txt'] store accepted at 07:01:43 on 04 29 2017
['play-or-draw-avondale', 's.txt'] store accepted at 07:01:43 on 04 29 2017
['heroes-and-villains-tucson', 's.txt'] store accepted at 19:02:42 on 04 29 2017
['natural-twenty-gaming-las-vegas', 's.txt'] store accepted at 19:02:43 on 04 29 2017
['the-game-wizard-and-blue-sky-hobbies-bremerton', 's.txt'] store accepted at 07:03:42 on 04 30 2017
['pastimes-comics-and-games-niles', 's.txt'] store accepted at 07:03:43 on 04 30 2017
['chicagoland-games-chicago', 's.txt'] store accepted at 19:03:42 on 04 30 2017
['pink-bunny-games-south-milwaukee', 's.txt'] store accepted at 19:04:42 on 05 01 2017
['frogtown-hobbies-toledo', 's.txt'] store accepted at 07:06:42 on 05 04 2017
['nerdvana-coffee-frisco', 's.txt'] store accepted at 07:08:08 on 05 05 2017
['game-master-rowlett', 's.txt'] store accepted at 19:08:42 on 05 05 2017
['dragons-lair-comics-and-fantasy-austin', 's.txt'] store accepted at 04:50:16 on 05 06 2017
['nerdstock-gaming-center-austin', 's.txt'] store accepted at 04:50:17 on 05 06 2017
['gameday-comics-and-cards-marble-falls', 's.txt'] store accepted at 04:50:17 on 05 06 2017
['wii-play-games-las-vegas-5', 's.txt'] store accepted at 04:50:17 on 05 06 2017
['imagine-hobbies-and-games-sherwood', 's.txt'] store accepted at 04:50:17 on 05 06 2017
['tower-games-minneapolis', 's.txt'] store accepted at 04:50:17 on 05 06 2017
['the-chicago-clubhouse-glenview', 's.txt'] store accepted at 04:50:18 on 05 06 2017
['marbles-the-brain-store-naperville', 's.txt'] store accepted at 04:50:18 on 05 06 2017
['games-plus-one-davenport', 's.txt'] store accepted at 04:50:18 on 05 06 2017
['fantasy-shop-saint-charles-2', 's.txt'] store accepted at 04:50:18 on 05 06 2017
['titan-games-champaign', 's.txt'] store accepted at 04:50:18 on 05 06 2017
['gamers-world-vernon-hills', 's.txt'] store accepted at 04:50:19 on 05 06 2017
['titan-games-springfield', 's.txt'] store accepted at 04:50:19 on 05 06 2017
['gamers-paradise-prairieville', 's.txt'] store accepted at 04:50:19 on 05 06 2017
['maximum-distractions-chicago', 's.txt'] store accepted at 04:50:19 on 05 06 2017
['draxtar-games-batavia-2', 's.txt'] store accepted at 04:50:19 on 05 06 2017
['chronicles-games-toys-and-comics-lewisville', 's.txt'] store accepted at 04:50:20 on 05 06 2017
['level-one-game-shop-kansas-city', 's.txt'] store accepted at 04:50:20 on 05 06 2017
['deans-dugout-naperville', 's.txt'] store accepted at 04:50:20 on 05 06 2017
['emerald-tavern-games-and-cafe-austin', 's.txt'] store accepted at 04:50:20 on 05 06 2017
['valhallas-gate-columbia', 's.txt'] store accepted at 04:50:20 on 05 06 2017
['tpk-gaming-glen-ellyn', 's.txt'] store accepted at 04:50:20 on 05 06 2017
['universe-games-minneapolis', 's.txt'] store accepted at 04:50:21 on 05 06 2017
['heroic-adventures-edwardsville', 's.txt'] store accepted at 04:50:21 on 05 06 2017
['the-glass-die-reno-2', 's.txt'] store accepted at 04:50:21 on 05 06 2017
['grognard-games-and-hobbies-roselle', 's.txt'] store accepted at 04:50:21 on 05 06 2017
['action-comics-and-sports-henderson', 's.txt'] store accepted at 04:50:21 on 05 06 2017
['gamers-guild-bartlesville', 's.txt'] store accepted at 04:50:21 on 05 06 2017
['go-games-toys-and-puzzles-metairie', 's.txt'] store accepted at 04:50:22 on 05 06 2017
['wizards-wagon-saint-louis', 's.txt'] store accepted at 04:50:22 on 05 06 2017
['1-gaming-metairie-2', 's.txt'] store accepted at 04:50:22 on 05 06 2017
['paper-heroes-lake-charles', 's.txt'] store accepted at 04:50:22 on 05 06 2017
['mtg-card-market-chicago', 's.txt'] store accepted at 04:50:22 on 05 06 2017
['mead-hall-games-and-comics-minneapolis', 's.txt'] store accepted at 04:50:23 on 05 06 2017
['lair-of-abraxas-westminster', 's.txt'] store accepted at 04:50:23 on 05 06 2017
['tabletop-game-and-hobby-overland-park-2', 's.txt'] store accepted at 04:50:23 on 05 06 2017
['gamestorm-inc-lemont', 's.txt'] store accepted at 04:50:23 on 05 06 2017
['cyber-lord-games-beaumont', 's.txt'] store accepted at 04:50:23 on 05 06 2017
['full-spectrum-war-games-arlington', 's.txt'] store accepted at 04:50:23 on 05 06 2017
['31st-century-games-and-hobbies-olathe', 's.txt'] store accepted at 04:50:24 on 05 06 2017
['b-plus-retro-bremerton', 's.txt'] store accepted at 04:50:24 on 05 06 2017
['docs-comics-and-games-frisco', 's.txt'] store accepted at 04:50:24 on 05 06 2017
['hobbytown-usa-dallas-dallas', 's.txt'] store accepted at 04:50:24 on 05 06 2017
['friendly-city-games-crawfordsville', 's.txt'] store accepted at 04:50:24 on 05 06 2017
['miniature-market-affton', 's.txt'] store accepted at 04:50:24 on 05 06 2017
['unique-gifts-and-games-grayslake', 's.txt'] store accepted at 04:50:25 on 05 06 2017
['just-for-fun-peoria', 's.txt'] store accepted at 04:50:25 on 05 06 2017
['frontrunner-comics-dallas', 's.txt'] store accepted at 04:50:25 on 05 06 2017
['castle-perilous-games-and-books-carbondale', 's.txt'] store accepted at 04:50:25 on 05 06 2017
['dragons-lair-comics-omaha-2', 's.txt'] store accepted at 04:50:25 on 05 06 2017
['clockwork-games-and-events-college-station', 's.txt'] store accepted at 04:50:25 on 05 06 2017
['the-dragons-refuge-bourbonnais-2', 's.txt'] store accepted at 04:50:25 on 05 06 2017
['discordia-games-bremerton-2', 's.txt'] store accepted at 04:50:26 on 05 06 2017
['the-orcs-lair-youngtown', 's.txt'] store accepted at 04:50:26 on 05 06 2017
['the-gaming-goat-elgin', 's.txt'] store accepted at 04:50:26 on 05 06 2017
['gamers-paradise-bloomingdale', 's.txt'] store accepted at 04:50:26 on 05 06 2017
['game-nite-saint-louis-2', 's.txt'] store accepted at 04:50:26 on 05 06 2017
['fair-game-downers-grove', 's.txt'] store accepted at 04:50:27 on 05 06 2017
['go-4-games-metairie', 's.txt'] store accepted at 04:50:27 on 05 06 2017
['cat-and-mouse-game-store-chicago', 's.txt'] store accepted at 04:50:27 on 05 06 2017
['hot-sauce-games-westmont', 's.txt'] store accepted at 04:50:27 on 05 06 2017
['common-ground-games-dallas', 's.txt'] store accepted at 04:50:27 on 05 06 2017
['sci-fi-factory-fort-worth', 's.txt'] store accepted at 04:50:27 on 05 06 2017
['everything-games-buffalo-grove', 's.txt'] store accepted at 04:50:28 on 05 06 2017
['valhalla-games-and-comics-plano-plano', 's.txt'] store accepted at 04:50:28 on 05 06 2017
['meta-games-unlimited-springfield', 's.txt'] store accepted at 04:50:28 on 05 06 2017
['fantasy-books-and-games-fairview-heights', 's.txt'] store accepted at 04:50:28 on 05 06 2017
['games-inn-hobart-2', 's.txt'] store accepted at 04:50:28 on 05 06 2017
['brickhouse-games-garland', 's.txt'] store accepted at 04:50:28 on 05 06 2017
['collected-keller-fort-worth-2', 's.txt'] store accepted at 04:50:29 on 05 06 2017
['rogues-gallery-comics-and-games-round-rock', 's.txt'] store accepted at 04:50:29 on 05 06 2017
['alternate-universes-blue-bell-east-norriton', 's.txt'] store accepted at 04:50:29 on 05 06 2017
['game-goblins-little-rock', 's.txt'] store accepted at 04:50:29 on 05 06 2017
['gamers-world-skokie', 's.txt'] store accepted at 04:50:29 on 05 06 2017
['meepleville-board-game-cafe-las-vegas', 's.txt'] store accepted at 04:50:30 on 05 06 2017
['game-cafe-independence', 's.txt'] store accepted at 04:50:30 on 05 06 2017
['mothership-books-and-games-austin', 's.txt'] store accepted at 04:50:30 on 05 06 2017
['compleat-strategist-king-of-prussia', 's.txt'] store accepted at 04:50:30 on 05 06 2017
['pegasus-games-madison', 's.txt'] store accepted at 04:50:30 on 05 06 2017
['desert-sky-games-gilbert', 's.txt'] store accepted at 04:50:30 on 05 06 2017
['wonkos-toys-and-games-austin', 's.txt'] store accepted at 04:50:31 on 05 06 2017
['noble-knight-games-janesville', 's.txt'] store accepted at 04:50:31 on 05 06 2017
['friends-olde-fashioned-hobby-shoppe-kenosha', 's.txt'] store accepted at 04:50:31 on 05 06 2017
['hometown-games-lawrence', 's.txt'] store accepted at 04:50:31 on 05 06 2017
['dungeon-crawl-games-mount-pleasant', 's.txt'] store accepted at 04:50:31 on 05 06 2017
['mages-sanctum-austin', 's.txt'] store accepted at 04:50:31 on 05 06 2017
['samurai-comics-phoenix-2', 's.txt'] store accepted at 04:50:32 on 05 06 2017
['the-gamers-niche-mandeville', 's.txt'] store accepted at 04:50:32 on 05 06 2017
['the-geekery-shawnee', 's.txt'] store accepted at 04:50:32 on 05 06 2017
['tempest-games-cedar-rapids', 's.txt'] store accepted at 04:50:32 on 05 06 2017
['collected-fort-worth-fort-worth', 's.txt'] store accepted at 04:50:32 on 05 06 2017
['the-gathering-place-abilene', 's.txt'] store accepted at 04:50:33 on 05 06 2017
['grapple-games-bourbonnais', 's.txt'] store accepted at 04:50:33 on 05 06 2017
['colony-games-brookfield', 's.txt'] store accepted at 04:50:33 on 05 06 2017
['games-by-james-bloomington', 's.txt'] store accepted at 04:50:33 on 05 06 2017
['the-wandering-dragon-game-shoppe-plainfield', 's.txt'] store accepted at 04:50:33 on 05 06 2017
['pieces-the-st-louis-board-game-bar-and-cafe-st-louis', 's.txt'] store accepted at 04:50:33 on 05 06 2017
['the-gaming-goat-schaumburg', 's.txt'] store accepted at 04:50:34 on 05 06 2017
['outlaw-moon-games-and-toys-austin-2', 's.txt'] store accepted at 04:50:34 on 05 06 2017
['the-game-shoppe-bellevue', 's.txt'] store accepted at 04:50:34 on 05 06 2017
['rockheads-comics-and-games-kenosha', 's.txt'] store accepted at 04:50:34 on 05 06 2017
['the-gaming-goat-oak-park', 's.txt'] store accepted at 04:50:34 on 05 06 2017
['gamers-world-chicago-ridge', 's.txt'] store accepted at 04:50:34 on 05 06 2017
['hub-hobby-center-richfield', 's.txt'] store accepted at 04:50:34 on 05 06 2017
['games-by-james-burnsville-2', 's.txt'] store accepted at 04:50:35 on 05 06 2017
['gamers-realm-antioch', 's.txt'] store accepted at 04:50:35 on 05 06 2017
['games-plus-mount-prospect', 's.txt'] store accepted at 04:50:35 on 05 06 2017
['boomerang-comics-lewisville-2', 's.txt'] store accepted at 04:50:35 on 05 06 2017
['level-up-games-south-st-paul-2', 's.txt'] store accepted at 04:50:35 on 05 06 2017
['by-the-board-games-and-entertainment-lowell', 's.txt'] store accepted at 04:50:35 on 05 06 2017
['the-hobby-corner-iowa-city', 's.txt'] store accepted at 04:50:35 on 05 06 2017
['samurai-comics-mesa', 's.txt'] store accepted at 04:50:36 on 05 06 2017
['the-gaming-goat-dekalb', 's.txt'] store accepted at 04:50:36 on 05 06 2017
['all-about-games-boise-2', 's.txt'] store accepted at 04:50:36 on 05 06 2017
['hero-complex-games-and-entertainment-wichita', 's.txt'] store accepted at 04:50:36 on 05 06 2017
['top-tier-board-games-hattiesburg', 's.txt'] store accepted at 04:50:36 on 05 06 2017
['madness-games-and-comics-plano', 's.txt'] store accepted at 04:50:36 on 05 06 2017
['tucson-games-and-gadgets-tucson-2', 's.txt'] store accepted at 04:50:37 on 05 06 2017
['anigames-toledo', 's.txt'] store accepted at 04:50:37 on 05 06 2017
['netherworld-games-madison', 's.txt'] store accepted at 04:50:37 on 05 06 2017
['gauntlet-games-lincoln', 's.txt'] store accepted at 04:50:37 on 05 06 2017
121 stores accepted at 04:50:37 on 05 06 2017 out of 177, rate of accepted stores is 0.683616 percent
['alpha-strike-games-san-marcos', 's.txt'] store accepted at 07:08:42 on 05 06 2017
['lytles-comics-and-games-college-station', 's.txt'] store accepted at 07:08:43 on 05 06 2017
2 stores accepted at 07:08:43 on 05 06 2017 out of 2, rate of accepted stores is 1.000000 percent
