magic card found in the ['blast-from-the-past-tracy', 's.txt'] store
in results
magic the gathering found in the ['adventures-in-comics-and-games-carmichael', 's.txt'] store
in results
x
x
gaming store found in the ['blaqk-door-fort-bragg', 's.txt'] store
in results
paris_reviews.txt.save is not a board game store
magic card found in the ['blast-from-the-past-tracy', 's.txt'] store
magic the gathering found in the ['adventures-in-comics-and-games-carmichael', 's.txt'] store
x
x
gaming store found in the ['blaqk-door-fort-bragg', 's.txt'] store
paris_reviews.txt.save is not a board game store
magic card found in the ['blast-from-the-past-tracy', 's.txt'] store
magic the gathering found in the ['adventures-in-comics-and-games-carmichael', 's.txt'] store
x
x
gaming store found in the ['blaqk-door-fort-bragg', 's.txt'] store
paris_reviews.txt.save is not a board game store
magic card found in the ['blast-from-the-past-tracy', 's.txt'] store
magic the gathering found in the ['adventures-in-comics-and-games-carmichael', 's.txt'] store
x
x
gaming store found in the ['blaqk-door-fort-bragg', 's.txt'] store
x
x
x
.paris_reviews.txt.swp is not a board game store
magic card found in the ['blast-from-the-past-tracy', 's.txt'] store
magic the gathering found in the ['adventures-in-comics-and-games-carmichael', 's.txt'] store
x
x
gaming store found in the ['blaqk-door-fort-bragg', 's.txt'] store
x
x
x
magic the gathering found in the ['the-game-hub-manhattan-beach-2', 's.txt'] store
in results
magic card found in the ['grass-valley-games-grass-valley', 's.txt'] store
in results
game store found in the ['gamers-path-manteca', 's.txt'] store
in results
x
x
x
x
mtg found in the ['gamers-guild-pittsburg', 's.txt'] store
in results
x
x
gaming store found in the ['knight-ware-studio-city', 's.txt'] store
in results
magic card found in the ['nerdvana-carson-city', 's.txt'] store
in results
x
tabletop found in the ['the-train-shop-santa-clara', 's.txt'] store
in results
x
selection of games found in the ['world-8-los-angeles', 's.txt'] store
in results
x
warhammer found in the ['toms-model-los-angeles', 's.txt'] store
in results
game store found in the ['marbles-the-brain-store-sherman-oaks', 's.txt'] store
in results
mtg found in the ['games-and-cards-superstore-eagle-rock-2', 's.txt'] store
in results
gaming store found in the ['aero-hobbies-santa-monica', 's.txt'] store
in results
selection of games found in the ['valhalla-hobbies-and-games-stockton', 's.txt'] store
in results
card shop found in the ['davis-cards-and-games-davis', 's.txt'] store
in results
x
magic the gathering found in the ['high-tide-comics-books-and-games-bodega-bay', 's.txt'] store
in results
magic the gathering found in the ['hobbytown-usa-folsom-folsom', 's.txt'] store
in results
x
x
magic card found in the ['njoy-games-and-comics-los-angeles-2', 's.txt'] store
in results
selection of games found in the ['miracle-mile-toys-and-games-los-angeles', 's.txt'] store
in results
x
mtg found in the ['a-place-to-game-yuba-city', 's.txt'] store
in results
x
gaming community found in the ['game-empire-pasadena', 's.txt'] store
in results
game store found in the ['gamestop-canoga-park-2', 's.txt'] store
in results
tabletop found in the ['hobbytown-fresno', 's.txt'] store
in results
x
dungeons and dragons found in the ['best-buy-union-city-2', 's.txt'] store
in results
gaming store found in the ['north-coast-roleplaying-eureka', 's.txt'] store
in results
x
x
card shop found in the ['toy-mandala-sherman-oaks', 's.txt'] store
in results
magic the gathering found in the ['dragon-fire-games-lynchburg', 's.txt'] store
card shop found in the ['all-star-cards-santee', 's.txt'] store
magic the gathering found in the ['san-diego-games-and-comics-san-diego-4', 's.txt'] store
gaming store found in the ['at-ease-games-gaming-and-tournament-center-san-diego-2', 's.txt'] store
gaming store found in the ['game-empire-san-diego', 's.txt'] store
gaming store found in the ['all-ways-gaming-chatsworth', 's.txt'] store
selection of games found in the ['hypno-comics-and-games-ventura', 's.txt'] store
nomad-raceways-vista_reviews.txt is not a board game store
game store found in the ['gamestop-san-diego-4', 's.txt'] store
game store found in the ['gamestop-san-diego-8', 's.txt'] store
warhammer found in the ['games-workshop-san-diego', 's.txt'] store
mtg found in the ['brute-force-games-san-diego', 's.txt'] store
selection of games found in the ['game-qore-visalia-2', 's.txt'] store
magic the gathering found in the ['just-imagine-ridgecrest', 's.txt'] store
mtg found in the ['cry-havoc-gaming-twentynine-palms-3', 's.txt'] store
magic the gathering found in the ['gamers-paradise-hobby-shop-santa-maria', 's.txt'] store
game store found in the ['leisure-time-games-santa-maria', 's.txt'] store
michaels-palm-springs_reviews.txt is not a board game store
game store found in the ['its-your-move-colorado-springs-2', 's.txt'] store
warhammer found in the ['hobbytown-usa-longmont', 's.txt'] store
selection of games found in the ['the-haunted-game-cafe-fort-collins', 's.txt'] store
warhammer found in the ['gamers-haven-colorado-springs', 's.txt'] store
mtg found in the ['petries-family-games-colorado-springs-3', 's.txt'] store
game store found in the ['atomic-goblin-games-longmont', 's.txt'] store
warhammer found in the ['gryphon-games-and-comics-fort-collins-2', 's.txt'] store
mtg found in the ['muse-comics-games-colorado-springs', 's.txt'] store
playing magic found in the ['roadside-hobbies-tacoma', 's.txt'] store
selection of games found in the ['phoenix-fire-games-meridian', 's.txt'] store
tabletop found in the ['safari-pearl-comics-moscow', 's.txt'] store
toytown-meridian_reviews.txt is not a board game store
mtg found in the ['uncles-games-spokane-valley-2', 's.txt'] store
magic the gathering found in the ['abugames-boise', 's.txt'] store
gaming store found in the ['baxters-queen-creek', 's.txt'] store
magic card found in the ['game-haven-st-george', 's.txt'] store
tabletop found in the ['imperial-outpost-games-glendale', 's.txt'] store
game store found in the ['game-depot-tempe', 's.txt'] store
expansion pack found in the ['play-or-draw-avondale', 's.txt'] store
hobby-destination-chandler_reviews.txt is not a board game store
playing magic found in the ['heroes-and-villains-tucson', 's.txt'] store
kids-center-tucson_reviews.txt is not a board game store
magic the gathering found in the ['natural-twenty-gaming-las-vegas', 's.txt'] store
warhammer found in the ['the-game-wizard-and-blue-sky-hobbies-bremerton', 's.txt'] store
mtg found in the ['pastimes-comics-and-games-niles', 's.txt'] store
game store found in the ['chicagoland-games-chicago', 's.txt'] store
gamers-world-norridge_reviews.txt is not a board game store
magic the gathering found in the ['pink-bunny-games-south-milwaukee', 's.txt'] store
game not in store
the-rolling-gnome-lawrence_reviews.txt is not a board game store
game store found in the ['frogtown-hobbies-toledo', 's.txt'] store
michaels-plano-2_reviews.txt is not a board game store
selection of games found in the ['nerdvana-coffee-frisco', 's.txt'] store
magic: the gathering found in the ['game-master-rowlett', 's.txt'] store
tabletop found in the ['alpha-strike-games-san-marcos', 's.txt'] store
selection of games found in the ['lytles-comics-and-games-college-station', 's.txt'] store
