0 stores determined to be ambiguous at 21:59:35 on 04 19 2017 out of 1, rate of accepted stores is 0.000000 percent
0 stores determined to be ambiguous at 22:02:39 on 04 19 2017 out of 1, rate of accepted stores is 0.000000 percent
0 stores determined to be ambiguous at 22:03:34 on 04 19 2017 out of 1, rate of accepted stores is 0.000000 percent
0 stores determined to be ambiguous at 22:04:40 on 04 19 2017 out of 1, rate of accepted stores is 0.000000 percent
0 stores determined to be ambiguous at 22:05:01 on 04 19 2017 out of 1, rate of accepted stores is 0.000000 percent
0 stores determined to be ambiguous at 22:06:14 on 04 19 2017 out of 1, rate of accepted stores is 0.000000 percent
0 stores determined to be ambiguous at 22:11:10 on 04 19 2017 out of 1, rate of accepted stores is 0.000000 percent
0 stores determined to be ambiguous at 22:11:49 on 04 19 2017 out of 1, rate of accepted stores is 0.000000 percent
0 stores determined to be ambiguous at 22:16:43 on 04 19 2017 out of 1, rate of accepted stores is 0.000000 percent
0 stores determined to be ambiguous at 22:25:14 on 04 19 2017 out of 3, rate of accepted stores is 0.000000 percent
0 stores determined to be ambiguous at 07:00:03 on 04 20 2017 out of 4, rate of accepted stores is 0.000000 percent
0 stores determined to be ambiguous at 09:27:14 on 04 20 2017 out of 5, rate of accepted stores is 0.000000 percent
0 stores determined to be ambiguous at 09:40:20 on 04 20 2017 out of 5, rate of accepted stores is 0.000000 percent
0 stores determined to be ambiguous at 20:55:07 on 04 20 2017 out of 7, rate of accepted stores is 0.000000 percent
0 stores determined to be ambiguous at 23:00:51 on 04 20 2017 out of 9, rate of accepted stores is 0.000000 percent
0 stores determined to be ambiguous at 23:02:46 on 04 20 2017 out of 4, rate of accepted stores is 0.000000 percent
0 stores determined to be ambiguous at 23:24:24 on 04 20 2017 out of 1, rate of accepted stores is 0.000000 percent
['michaels-san-jose-7', 's.txt'] determined to be ambiguous at 01:27:18 on 04 25 2017
['michaels-san-jose-4', 's.txt'] determined to be ambiguous at 01:27:18 on 04 25 2017
['anderson-pool-and-spa-pomona', 's.txt'] determined to be ambiguous at 01:27:18 on 04 25 2017
['hobby-lobby-dublin-2', 's.txt'] determined to be ambiguous at 01:27:18 on 04 25 2017
['r-c-country-hobbies-sacramento', 's.txt'] determined to be ambiguous at 01:27:19 on 04 25 2017
Empty text file found for  au-clown-de-paris-paris_reviews.txt at 01:27:19 on 04 25 2017
Empty text file found for  les-enfants-au-musée-paris-2_reviews.txt at 01:27:19 on 04 25 2017
['learning-express-toys-roseville-2', 's.txt'] determined to be ambiguous at 01:27:19 on 04 25 2017
['frys-electronics-anaheim', 's.txt'] determined to be ambiguous at 01:27:19 on 04 25 2017
['michaels-san-jose-7', 's.txt'] determined to be ambiguous at 13:27:32 on 04 25 2017
['michaels-san-jose-4', 's.txt'] determined to be ambiguous at 13:27:32 on 04 25 2017
['anderson-pool-and-spa-pomona', 's.txt'] determined to be ambiguous at 13:27:32 on 04 25 2017
['hobby-lobby-dublin-2', 's.txt'] determined to be ambiguous at 13:27:32 on 04 25 2017
['r-c-country-hobbies-sacramento', 's.txt'] determined to be ambiguous at 13:27:32 on 04 25 2017
Empty text file found for  au-clown-de-paris-paris_reviews.txt at 13:27:32 on 04 25 2017
Empty text file found for  les-enfants-au-musée-paris-2_reviews.txt at 13:27:32 on 04 25 2017
['learning-express-toys-roseville-2', 's.txt'] determined to be ambiguous at 13:27:32 on 04 25 2017
['frys-electronics-anaheim', 's.txt'] determined to be ambiguous at 13:27:32 on 04 25 2017
['michaels-san-jose-7', 's.txt'] determined to be ambiguous at 18:54:59 on 04 25 2017
['michaels-san-jose-4', 's.txt'] determined to be ambiguous at 18:54:59 on 04 25 2017
['anderson-pool-and-spa-pomona', 's.txt'] determined to be ambiguous at 18:54:59 on 04 25 2017
['hobby-lobby-dublin-2', 's.txt'] determined to be ambiguous at 18:54:59 on 04 25 2017
['r-c-country-hobbies-sacramento', 's.txt'] determined to be ambiguous at 18:54:59 on 04 25 2017
Empty text file found for  au-clown-de-paris-paris_reviews.txt at 18:54:59 on 04 25 2017
Empty text file found for  les-enfants-au-musée-paris-2_reviews.txt at 18:54:59 on 04 25 2017
['learning-express-toys-roseville-2', 's.txt'] determined to be ambiguous at 18:54:59 on 04 25 2017
['frys-electronics-anaheim', 's.txt'] determined to be ambiguous at 18:54:59 on 04 25 2017
['michaels-san-jose-7', 's.txt'] determined to be ambiguous at 18:57:28 on 04 25 2017
['michaels-san-jose-4', 's.txt'] determined to be ambiguous at 18:57:28 on 04 25 2017
['anderson-pool-and-spa-pomona', 's.txt'] determined to be ambiguous at 18:57:28 on 04 25 2017
['hobby-lobby-dublin-2', 's.txt'] determined to be ambiguous at 18:57:28 on 04 25 2017
['r-c-country-hobbies-sacramento', 's.txt'] determined to be ambiguous at 18:57:28 on 04 25 2017
Empty text file found for  au-clown-de-paris-paris_reviews.txt at 18:57:28 on 04 25 2017
Empty text file found for  les-enfants-au-musée-paris-2_reviews.txt at 18:57:28 on 04 25 2017
['learning-express-toys-roseville-2', 's.txt'] determined to be ambiguous at 18:57:28 on 04 25 2017
['frys-electronics-anaheim', 's.txt'] determined to be ambiguous at 18:57:28 on 04 25 2017
Empty text file found for  au-bois-rieur-vincennes_reviews.txt at 18:57:28 on 04 25 2017
['blick-art-materials-los-angeles-3', 's.txt'] determined to be ambiguous at 18:57:28 on 04 25 2017
['triangle-billiards-and-bar-stools-orange', 's.txt'] determined to be ambiguous at 18:57:28 on 04 25 2017
['the-wooden-horse-los-gatos-2', 's.txt'] determined to be ambiguous at 18:57:28 on 04 25 2017
['hypnotized-hobbies-arcadia-2', 's.txt'] determined to be ambiguous at 18:57:28 on 04 25 2017
Empty text file found for  prell-luhe-wildenau_reviews.txt at 18:57:28 on 04 25 2017
['wood-expressions-gardena', 's.txt'] determined to be ambiguous at 18:57:28 on 04 25 2017
['berliners-cornucopia-eureka', 's.txt'] determined to be ambiguous at 18:57:28 on 04 25 2017
['out-of-this-world-mendocino', 's.txt'] determined to be ambiguous at 18:57:28 on 04 25 2017
['go-games-and-toys-roseville', 's.txt'] determined to be ambiguous at 18:57:28 on 04 25 2017
Empty text file found for  warhammer-paris_reviews.txt at 18:57:28 on 04 25 2017
['michaels-san-jose-7', 's.txt'] determined to be ambiguous at 18:58:18 on 04 25 2017
['michaels-san-jose-4', 's.txt'] determined to be ambiguous at 18:58:18 on 04 25 2017
['anderson-pool-and-spa-pomona', 's.txt'] determined to be ambiguous at 18:58:18 on 04 25 2017
['hobby-lobby-dublin-2', 's.txt'] determined to be ambiguous at 18:58:18 on 04 25 2017
['r-c-country-hobbies-sacramento', 's.txt'] determined to be ambiguous at 18:58:18 on 04 25 2017
Empty text file found for  au-clown-de-paris-paris_reviews.txt at 18:58:18 on 04 25 2017
Empty text file found for  les-enfants-au-musée-paris-2_reviews.txt at 18:58:18 on 04 25 2017
['learning-express-toys-roseville-2', 's.txt'] determined to be ambiguous at 18:58:18 on 04 25 2017
['frys-electronics-anaheim', 's.txt'] determined to be ambiguous at 18:58:18 on 04 25 2017
Empty text file found for  au-bois-rieur-vincennes_reviews.txt at 18:58:18 on 04 25 2017
['blick-art-materials-los-angeles-3', 's.txt'] determined to be ambiguous at 18:58:18 on 04 25 2017
['triangle-billiards-and-bar-stools-orange', 's.txt'] determined to be ambiguous at 18:58:18 on 04 25 2017
['the-wooden-horse-los-gatos-2', 's.txt'] determined to be ambiguous at 18:58:18 on 04 25 2017
['hypnotized-hobbies-arcadia-2', 's.txt'] determined to be ambiguous at 18:58:18 on 04 25 2017
Empty text file found for  prell-luhe-wildenau_reviews.txt at 18:58:18 on 04 25 2017
['wood-expressions-gardena', 's.txt'] determined to be ambiguous at 18:58:18 on 04 25 2017
['berliners-cornucopia-eureka', 's.txt'] determined to be ambiguous at 18:58:18 on 04 25 2017
['out-of-this-world-mendocino', 's.txt'] determined to be ambiguous at 18:58:18 on 04 25 2017
['go-games-and-toys-roseville', 's.txt'] determined to be ambiguous at 18:58:18 on 04 25 2017
Empty text file found for  warhammer-paris_reviews.txt at 18:58:18 on 04 25 2017
['epic-worlds-and-games-copperopolis', 's.txt'] determined to be ambiguous at 18:58:19 on 04 25 2017
Empty text file found for  troll2jeux-paris-2_reviews.txt at 18:58:19 on 04 25 2017
Empty text file found for  bendner-spielwaren-teisendorf_reviews.txt at 18:58:19 on 04 25 2017
Empty text file found for  jeux-geek-palaiseau-2_reviews.txt at 18:58:19 on 04 25 2017
['heroes-corner-games-and-merchandise-chico-2', 's.txt'] determined to be ambiguous at 18:58:19 on 04 25 2017
Empty text file found for  ava-et-mr-joe-paris_reviews.txt at 18:58:19 on 04 25 2017
['spunky-skunk-fort-bragg', 's.txt'] determined to be ambiguous at 18:58:19 on 04 25 2017
['vintage-arcade-superstore-glendale', 's.txt'] determined to be ambiguous at 18:58:19 on 04 25 2017
Empty text file found for  dein-larp-shop-ratisbon_reviews.txt at 18:58:19 on 04 25 2017
Empty text file found for  josef-pickl-marchtrenk_reviews.txt at 18:58:19 on 04 25 2017
['hobbytown-usa-concord', 's.txt'] determined to be ambiguous at 18:58:20 on 04 25 2017
Empty text file found for  games-workshop-paris_reviews.txt at 18:58:20 on 04 25 2017
Empty text file found for  sina-mark-paris_reviews.txt at 18:58:20 on 04 25 2017
Empty text file found for  meisia-2-0-paris_reviews.txt at 18:58:20 on 04 25 2017
['the-puzzle-lady-pacific-grove', 's.txt'] determined to be ambiguous at 18:58:21 on 04 25 2017
Empty text file found for  games-in-blue-paris-2_reviews.txt at 18:58:21 on 04 25 2017
['michaels-folsom', 's.txt'] determined to be ambiguous at 18:58:21 on 04 25 2017
['hobby-lobby-burbank', 's.txt'] determined to be ambiguous at 18:58:21 on 04 25 2017
['evike-airsoft-superstore-alhambra', 's.txt'] determined to be ambiguous at 18:58:21 on 04 25 2017
['michaels-brentwood', 's.txt'] determined to be ambiguous at 18:58:21 on 04 25 2017
['necromance-los-angeles', 's.txt'] determined to be ambiguous at 18:58:22 on 04 25 2017
Empty text file found for  le-damier-de-l-opéra-paris-2_reviews.txt at 18:58:22 on 04 25 2017
['michaels-emeryville', 's.txt'] determined to be ambiguous at 18:58:22 on 04 25 2017
Empty text file found for  parapentit-muhos_reviews.txt at 18:58:22 on 04 25 2017
Empty text file found for  games-workshop-paris-3_reviews.txt at 18:58:22 on 04 25 2017
Empty text file found for  games-workshop-paris-2_reviews.txt at 18:58:22 on 04 25 2017
['blick-art-materials-los-angeles', 's.txt'] determined to be ambiguous at 18:58:22 on 04 25 2017
Empty text file found for  a-tout-coeur-paris_reviews.txt at 18:58:23 on 04 25 2017
['marbles-the-brain-store-santa-monica', 's.txt'] determined to be ambiguous at 18:58:23 on 04 25 2017
['michaels-san-jose-3', 's.txt'] determined to be ambiguous at 18:58:23 on 04 25 2017
Empty text file found for  frédéric-marchand-paris_reviews.txt at 18:58:23 on 04 25 2017
['learning-express-toys-san-jose', 's.txt'] determined to be ambiguous at 18:58:23 on 04 25 2017
Empty text file found for  manga-story-paris_reviews.txt at 18:58:23 on 04 25 2017
['michaels-san-jose-7', 's.txt'] determined to be ambiguous at 19:53:25 on 04 25 2017
['michaels-san-jose-4', 's.txt'] determined to be ambiguous at 19:53:25 on 04 25 2017
['anderson-pool-and-spa-pomona', 's.txt'] determined to be ambiguous at 19:53:25 on 04 25 2017
['hobby-lobby-dublin-2', 's.txt'] determined to be ambiguous at 19:53:25 on 04 25 2017
['r-c-country-hobbies-sacramento', 's.txt'] determined to be ambiguous at 19:53:25 on 04 25 2017
Empty text file found for  au-clown-de-paris-paris_reviews.txt at 19:53:25 on 04 25 2017
Empty text file found for  les-enfants-au-musée-paris-2_reviews.txt at 19:53:25 on 04 25 2017
['learning-express-toys-roseville-2', 's.txt'] determined to be ambiguous at 19:53:25 on 04 25 2017
['frys-electronics-anaheim', 's.txt'] determined to be ambiguous at 19:53:25 on 04 25 2017
Empty text file found for  au-bois-rieur-vincennes_reviews.txt at 19:53:25 on 04 25 2017
['blick-art-materials-los-angeles-3', 's.txt'] determined to be ambiguous at 19:53:25 on 04 25 2017
['triangle-billiards-and-bar-stools-orange', 's.txt'] determined to be ambiguous at 19:53:25 on 04 25 2017
['the-wooden-horse-los-gatos-2', 's.txt'] determined to be ambiguous at 19:53:25 on 04 25 2017
['hypnotized-hobbies-arcadia-2', 's.txt'] determined to be ambiguous at 19:53:25 on 04 25 2017
Empty text file found for  prell-luhe-wildenau_reviews.txt at 19:53:25 on 04 25 2017
['wood-expressions-gardena', 's.txt'] determined to be ambiguous at 19:53:25 on 04 25 2017
['berliners-cornucopia-eureka', 's.txt'] determined to be ambiguous at 19:53:25 on 04 25 2017
['out-of-this-world-mendocino', 's.txt'] determined to be ambiguous at 19:53:25 on 04 25 2017
['go-games-and-toys-roseville', 's.txt'] determined to be ambiguous at 19:53:25 on 04 25 2017
Empty text file found for  warhammer-paris_reviews.txt at 19:53:25 on 04 25 2017
['epic-worlds-and-games-copperopolis', 's.txt'] determined to be ambiguous at 19:53:25 on 04 25 2017
Empty text file found for  troll2jeux-paris-2_reviews.txt at 19:53:25 on 04 25 2017
Empty text file found for  bendner-spielwaren-teisendorf_reviews.txt at 19:53:25 on 04 25 2017
Empty text file found for  jeux-geek-palaiseau-2_reviews.txt at 19:53:25 on 04 25 2017
['heroes-corner-games-and-merchandise-chico-2', 's.txt'] determined to be ambiguous at 19:53:25 on 04 25 2017
Empty text file found for  ava-et-mr-joe-paris_reviews.txt at 19:53:25 on 04 25 2017
['spunky-skunk-fort-bragg', 's.txt'] determined to be ambiguous at 19:53:25 on 04 25 2017
['vintage-arcade-superstore-glendale', 's.txt'] determined to be ambiguous at 19:53:25 on 04 25 2017
Empty text file found for  dein-larp-shop-ratisbon_reviews.txt at 19:53:25 on 04 25 2017
Empty text file found for  josef-pickl-marchtrenk_reviews.txt at 19:53:25 on 04 25 2017
['hobbytown-usa-concord', 's.txt'] determined to be ambiguous at 19:53:25 on 04 25 2017
Empty text file found for  games-workshop-paris_reviews.txt at 19:53:25 on 04 25 2017
Empty text file found for  sina-mark-paris_reviews.txt at 19:53:25 on 04 25 2017
Empty text file found for  meisia-2-0-paris_reviews.txt at 19:53:25 on 04 25 2017
['the-puzzle-lady-pacific-grove', 's.txt'] determined to be ambiguous at 19:53:25 on 04 25 2017
Empty text file found for  games-in-blue-paris-2_reviews.txt at 19:53:25 on 04 25 2017
['michaels-folsom', 's.txt'] determined to be ambiguous at 19:53:25 on 04 25 2017
['hobby-lobby-burbank', 's.txt'] determined to be ambiguous at 19:53:25 on 04 25 2017
['evike-airsoft-superstore-alhambra', 's.txt'] determined to be ambiguous at 19:53:26 on 04 25 2017
['michaels-brentwood', 's.txt'] determined to be ambiguous at 19:53:26 on 04 25 2017
['necromance-los-angeles', 's.txt'] determined to be ambiguous at 19:53:26 on 04 25 2017
Empty text file found for  le-damier-de-l-opéra-paris-2_reviews.txt at 19:53:26 on 04 25 2017
['michaels-emeryville', 's.txt'] determined to be ambiguous at 19:53:26 on 04 25 2017
Empty text file found for  parapentit-muhos_reviews.txt at 19:53:26 on 04 25 2017
Empty text file found for  games-workshop-paris-3_reviews.txt at 19:53:26 on 04 25 2017
Empty text file found for  games-workshop-paris-2_reviews.txt at 19:53:26 on 04 25 2017
['blick-art-materials-los-angeles', 's.txt'] determined to be ambiguous at 19:53:26 on 04 25 2017
Empty text file found for  a-tout-coeur-paris_reviews.txt at 19:53:26 on 04 25 2017
['marbles-the-brain-store-santa-monica', 's.txt'] determined to be ambiguous at 19:53:26 on 04 25 2017
['michaels-san-jose-3', 's.txt'] determined to be ambiguous at 19:53:26 on 04 25 2017
Empty text file found for  frédéric-marchand-paris_reviews.txt at 19:53:26 on 04 25 2017
['learning-express-toys-san-jose', 's.txt'] determined to be ambiguous at 19:53:26 on 04 25 2017
Empty text file found for  manga-story-paris_reviews.txt at 19:53:26 on 04 25 2017
53 stores determined to be ambiguous at 19:53:26 on 04 25 2017 out of 77, rate of accepted stores is 53.000000 percent
['comics-n-stuff-la-mesa-2', 's.txt'] determined to be ambiguous at 06:58:43 on 04 26 2017
['explorers-emporium-simi-valley', 's.txt'] determined to be ambiguous at 06:58:43 on 04 26 2017
['green-tower-games-santa-clarita', 's.txt'] determined to be ambiguous at 06:58:43 on 04 26 2017
['new-edge-sports-paintball-and-airsoft-shop-castaic', 's.txt'] determined to be ambiguous at 06:58:43 on 04 26 2017
4 stores determined to be ambiguous at 06:58:43 on 04 26 2017 out of 11, rate of accepted stores is 4.000000 percent
['geppettos-carlsbad', 's.txt'] determined to be ambiguous at 18:58:42 on 04 26 2017
['geppettos-la-jolla-2', 's.txt'] determined to be ambiguous at 18:58:43 on 04 26 2017
['blick-art-materials-san-diego', 's.txt'] determined to be ambiguous at 18:58:43 on 04 26 2017
['michaels-san-diego-5', 's.txt'] determined to be ambiguous at 18:58:43 on 04 26 2017
['michaels-escondido-2', 's.txt'] determined to be ambiguous at 18:58:43 on 04 26 2017
['michaels-san-diego-2', 's.txt'] determined to be ambiguous at 18:58:43 on 04 26 2017
['michaels-la-mesa', 's.txt'] determined to be ambiguous at 18:58:43 on 04 26 2017
7 stores determined to be ambiguous at 18:58:43 on 04 26 2017 out of 12, rate of accepted stores is 7.000000 percent
['fan-quest-yuma-2', 's.txt'] determined to be ambiguous at 06:59:36 on 04 27 2017
['zacsters-hobbies-and-more-baywood-los-osos-2', 's.txt'] determined to be ambiguous at 06:59:36 on 04 27 2017
['silver-wolf-comics-and-collectibles-bakersfield', 's.txt'] determined to be ambiguous at 06:59:36 on 04 27 2017
['avalon-comics-and-games-santa-barbara', 's.txt'] determined to be ambiguous at 06:59:36 on 04 27 2017
['the-toy-store-in-quincy-quincy', 's.txt'] determined to be ambiguous at 06:59:36 on 04 27 2017
['robs-r-c-hobbies-huntington-beach', 's.txt'] determined to be ambiguous at 06:59:36 on 04 27 2017
6 stores determined to be ambiguous at 06:59:36 on 04 27 2017 out of 12, rate of accepted stores is 6.000000 percent
['its-your-move-fort-collins', 's.txt'] determined to be ambiguous at 18:59:42 on 04 27 2017
['its-your-move-lone-tree', 's.txt'] determined to be ambiguous at 18:59:42 on 04 27 2017
['michaels-las-vegas-6', 's.txt'] determined to be ambiguous at 18:59:44 on 04 27 2017
['gigis-manitou-springs', 's.txt'] determined to be ambiguous at 18:59:44 on 04 27 2017
4 stores determined to be ambiguous at 18:59:44 on 04 27 2017 out of 12, rate of accepted stores is 4.000000 percent
0 stores determined to be ambiguous at 22:24:41 on 04 27 2017 out of 4, rate of accepted stores is 0.000000 percent
goblin-games-manhattan determined to be ambiguous at 04:50:17 on 05 06 2017
mana-vault-casual-gaming-and-collectibles-wichita determined to be ambiguous at 04:50:19 on 05 06 2017
its-your-move-lone-tree determined to be ambiguous at 04:50:19 on 05 06 2017
go-games-and-toys-roseville determined to be ambiguous at 04:50:20 on 05 06 2017
anime-revolution-las-vegas determined to be ambiguous at 04:50:20 on 05 06 2017
Empty text file found for  rgv-diecast-edinburg_reviews.txt at 04:50:20 on 05 06 2017
avalon-comics-and-games-santa-barbara determined to be ambiguous at 04:50:21 on 05 06 2017
the-fantasy-shop-saint-louis determined to be ambiguous at 04:50:21 on 05 06 2017
Empty text file found for  new-sun-racing-harlingen_reviews.txt at 04:50:22 on 05 06 2017
metahumans-collectibles-calexico determined to be ambiguous at 04:50:25 on 05 06 2017
sci-fi-factory-burleson-burleson determined to be ambiguous at 04:50:27 on 05 06 2017
fairytales-inc-lombard determined to be ambiguous at 04:50:32 on 05 06 2017
explorers-emporium-simi-valley determined to be ambiguous at 04:50:33 on 05 06 2017
heebeegeebeez-sandy determined to be ambiguous at 04:50:35 on 05 06 2017
north-valley-games-phoenix determined to be ambiguous at 04:50:35 on 05 06 2017
Empty text file found for  cobblepots-corner-mcallen_reviews.txt at 04:50:37 on 05 06 2017
16 stores determined to be ambiguous at 04:50:37 on 05 06 2017 out of 177, rate of accepted stores is 16.000000 percent
0 stores determined to be ambiguous at 07:08:43 on 05 06 2017 out of 2, rate of accepted stores is 0.000000 percent
