0 stores rejected at 21:59:35 on 04 19 2017 out of 1, rate of accepted stores is 0.000000 percent
0 stores rejected at 22:02:39 on 04 19 2017 out of 1, rate of accepted stores is 0.000000 percent
0 stores rejected at 22:03:34 on 04 19 2017 out of 1, rate of accepted stores is 0.000000 percent
0 stores rejected at 22:04:40 on 04 19 2017 out of 1, rate of accepted stores is 0.000000 percent
0 stores rejected at 22:05:01 on 04 19 2017 out of 1, rate of accepted stores is 0.000000 percent
0 stores rejected at 22:06:14 on 04 19 2017 out of 1, rate of accepted stores is 0.000000 percent
0 stores rejected at 22:11:10 on 04 19 2017 out of 1, rate of accepted stores is 0.000000 percent
0 stores rejected at 22:11:49 on 04 19 2017 out of 1, rate of accepted stores is 0.000000 percent
0 stores rejected at 22:16:43 on 04 19 2017 out of 1, rate of accepted stores is 0.000000 percent
['comic-hero-university-fullerton', 's.txt'] store rejected at 22:25:13 on 04 19 2017
1 stores rejected at 22:25:14 on 04 19 2017 out of 3, rate of accepted stores is 0.333333 percent
['pro-embroidery-fullerton-3', 's.txt'] store rejected at 07:00:03 on 04 20 2017
1 stores rejected at 07:00:03 on 04 20 2017 out of 4, rate of accepted stores is 0.250000 percent
['veronese-gallery-cafe-fullerton-2', 's.txt'] store rejected at 09:27:14 on 04 20 2017
1 stores rejected at 09:27:14 on 04 20 2017 out of 5, rate of accepted stores is 0.200000 percent
0 stores rejected at 09:40:20 on 04 20 2017 out of 5, rate of accepted stores is 0.000000 percent
['downtown-disney-district-anaheim', 's.txt'] store rejected at 20:55:07 on 04 20 2017
['target-garden-grove', 's.txt'] store rejected at 20:55:07 on 04 20 2017
['toy-story-midway-mania-anaheim', 's.txt'] store rejected at 20:55:07 on 04 20 2017
['walmart-supercenter-anaheim', 's.txt'] store rejected at 20:55:07 on 04 20 2017
['takas-bait-and-tackle-anaheim', 's.txt'] store rejected at 20:55:07 on 04 20 2017
['lush-anaheim', 's.txt'] store rejected at 20:55:07 on 04 20 2017
6 stores rejected at 20:55:07 on 04 20 2017 out of 7, rate of accepted stores is 0.857143 percent
['art-supply-warehouse-westminster', 's.txt'] store rejected at 22:58:12 on 04 20 2017
['amf-carter-lanes-fullerton-2', 's.txt'] store rejected at 22:58:12 on 04 20 2017
['tiddlywinks-orange', 's.txt'] store rejected at 23:00:51 on 04 20 2017
['dk-billiards-orange-2', 's.txt'] store rejected at 23:00:51 on 04 20 2017
['golden-zephyr-anaheim-2', 's.txt'] store rejected at 23:00:51 on 04 20 2017
['the-rinks-anaheim-ice-anaheim', 's.txt'] store rejected at 23:00:51 on 04 20 2017
['chill-rv-los-angeles', 's.txt'] store rejected at 23:00:51 on 04 20 2017
5 stores rejected at 23:00:51 on 04 20 2017 out of 9, rate of accepted stores is 0.555556 percent
0 stores rejected at 23:02:46 on 04 20 2017 out of 4, rate of accepted stores is 0.000000 percent
['lutheran-high-thrift-shop-orange', 's.txt'] store rejected at 23:24:24 on 04 20 2017
1 stores rejected at 23:24:24 on 04 20 2017 out of 1, rate of accepted stores is 1.000000 percent
0 stores rejected at 19:53:26 on 04 25 2017 out of 77, rate of accepted stores is 0.000000 percent
0 stores rejected at 06:58:43 on 04 26 2017 out of 11, rate of accepted stores is 0.000000 percent
['nomad-raceways-vista', 's.txt'] store rejected at 18:58:42 on 04 26 2017
1 stores rejected at 18:58:43 on 04 26 2017 out of 12, rate of accepted stores is 0.083333 percent
['michaels-palm-springs', 's.txt'] store rejected at 06:59:36 on 04 27 2017
1 stores rejected at 06:59:36 on 04 27 2017 out of 12, rate of accepted stores is 0.083333 percent
0 stores rejected at 18:59:44 on 04 27 2017 out of 12, rate of accepted stores is 0.000000 percent
['heroes-and-horrors-games-windsor', 's.txt'] store rejected at 22:24:41 on 04 27 2017
1 stores rejected at 22:24:41 on 04 27 2017 out of 4, rate of accepted stores is 0.250000 percent
['hobby-destination-chandler', 's.txt'] store rejected at 07:01:43 on 04 29 2017
['kids-center-tucson', 's.txt'] store rejected at 19:02:43 on 04 29 2017
['gamers-world-norridge', 's.txt'] store rejected at 07:04:42 on 05 01 2017
['the-rolling-gnome-lawrence', 's.txt'] store rejected at 19:05:42 on 05 03 2017
['michaels-plano-2', 's.txt'] store rejected at 07:08:08 on 05 05 2017
['ax-man-surplus-stores-saint-paul-2', 's.txt'] store rejected at 04:50:18 on 05 06 2017
['gamers-world-vernon-hills', 's.txt'] store rejected at 04:50:19 on 05 06 2017
['gear-gaming-store-fayetteville', 's.txt'] store rejected at 04:50:19 on 05 06 2017
['hobbytown-usa-wichita-wichita', 's.txt'] store rejected at 04:50:19 on 05 06 2017
['level-one-game-shop-kansas-city', 's.txt'] store rejected at 04:50:20 on 05 06 2017
['wilton-enterprises-woodridge', 's.txt'] store rejected at 04:50:20 on 05 06 2017
['circle-of-knowledge-saint-louis', 's.txt'] store rejected at 04:50:20 on 05 06 2017
['go-games-toys-and-puzzles-metairie', 's.txt'] store rejected at 04:50:22 on 05 06 2017
['arrowstar-games-stephenville', 's.txt'] store rejected at 04:50:22 on 05 06 2017
['seanns-anime-and-comics-sylvania-2', 's.txt'] store rejected at 04:50:23 on 05 06 2017
['the-gaming-goat-rockford-rockford', 's.txt'] store rejected at 04:50:23 on 05 06 2017
['hobby-lobby-baton-rouge-2', 's.txt'] store rejected at 04:50:23 on 05 06 2017
['michaels-chicago-3', 's.txt'] store rejected at 04:50:24 on 05 06 2017
['puzzle-warehouse-st-louis-2', 's.txt'] store rejected at 04:50:24 on 05 06 2017
['collected-hurst-3', 's.txt'] store rejected at 04:50:25 on 05 06 2017
['hobbytown-schaumburg', 's.txt'] store rejected at 04:50:25 on 05 06 2017
['gamers-paradise-bloomingdale', 's.txt'] store rejected at 04:50:26 on 05 06 2017
['valhalla-games-and-comics-plano-plano', 's.txt'] store rejected at 04:50:28 on 05 06 2017
['dreamland-comics-libertyville', 's.txt'] store rejected at 04:50:28 on 05 06 2017
['hobbytown-orland-park', 's.txt'] store rejected at 04:50:28 on 05 06 2017
['michaels-dallas', 's.txt'] store rejected at 04:50:28 on 05 06 2017
['a-m-a-distributors-metairie', 's.txt'] store rejected at 04:50:29 on 05 06 2017
['hobbytown-northbrook', 's.txt'] store rejected at 04:50:29 on 05 06 2017
['wonderland-multivintage-brookfield', 's.txt'] store rejected at 04:50:30 on 05 06 2017
['marbles-the-brain-store-chicago-3', 's.txt'] store rejected at 04:50:31 on 05 06 2017
['fantasy-shop-comics-and-games-saint-louis-2', 's.txt'] store rejected at 04:50:32 on 05 06 2017
['marbles-the-brain-store-skokie', 's.txt'] store rejected at 04:50:32 on 05 06 2017
['the-gaming-goat-elmhurst', 's.txt'] store rejected at 04:50:32 on 05 06 2017
['marbles-the-brain-store-bloomington', 's.txt'] store rejected at 04:50:33 on 05 06 2017
['ground-zero-comics-bellevue', 's.txt'] store rejected at 04:50:34 on 05 06 2017
['grapple-games-new-lenox', 's.txt'] store rejected at 04:50:35 on 05 06 2017
['games-by-james-burnsville-2', 's.txt'] store rejected at 04:50:35 on 05 06 2017
['merlins-beard-lafayette', 's.txt'] store rejected at 04:50:37 on 05 06 2017
33 stores rejected at 04:50:37 on 05 06 2017 out of 177, rate of accepted stores is 0.186441 percent
0 stores rejected at 07:08:43 on 05 06 2017 out of 2, rate of accepted stores is 0.000000 percent
