0 stores accepted at 21:59:35 on 04 19 2017 out of 1, rate of accepted stores is 0.000000 percent
0 stores accepted at 22:02:39 on 04 19 2017 out of 1, rate of accepted stores is 0.000000 percent
0 stores accepted at 22:03:34 on 04 19 2017 out of 1, rate of accepted stores is 0.000000 percent
0 stores accepted at 22:04:40 on 04 19 2017 out of 1, rate of accepted stores is 0.000000 percent
0 stores accepted at 22:05:01 on 04 19 2017 out of 1, rate of accepted stores is 0.000000 percent
0 stores accepted at 22:06:14 on 04 19 2017 out of 1, rate of accepted stores is 0.000000 percent
0 stores accepted at 22:11:10 on 04 19 2017 out of 1, rate of accepted stores is 0.000000 percent
0 stores accepted at 22:11:49 on 04 19 2017 out of 1, rate of accepted stores is 0.000000 percent
0 stores accepted at 22:16:43 on 04 19 2017 out of 1, rate of accepted stores is 0.000000 percent
['card-addiction-anaheim', 's.txt'] store accepted at 22:22:52 on 04 19 2017
0 stores accepted at 22:25:14 on 04 19 2017 out of 3, rate of accepted stores is 0.000000 percent
0 stores accepted at 23:21:40 on 04 19 2017 out of 3, rate of accepted stores is 0.000000 percent
0 stores accepted at 23:48:48 on 04 19 2017 out of 3, rate of accepted stores is 0.000000 percent
0 stores accepted at 23:49:47 on 04 19 2017 out of 3, rate of accepted stores is 0.000000 percent
0 stores accepted at 23:59:39 on 04 19 2017 out of 3, rate of accepted stores is 0.000000 percent
0 stores accepted at 02:34:30 on 04 20 2017 out of 3, rate of accepted stores is 0.000000 percent
0 stores accepted at 02:34:55 on 04 20 2017 out of 3, rate of accepted stores is 0.000000 percent
0 stores accepted at 02:36:11 on 04 20 2017 out of 3, rate of accepted stores is 0.000000 percent
0 stores accepted at 02:36:29 on 04 20 2017 out of 3, rate of accepted stores is 0.000000 percent
0 stores accepted at 02:36:39 on 04 20 2017 out of 3, rate of accepted stores is 0.000000 percent
0 stores accepted at 02:36:54 on 04 20 2017 out of 3, rate of accepted stores is 0.000000 percent
0 stores accepted at 02:37:55 on 04 20 2017 out of 3, rate of accepted stores is 0.000000 percent
0 stores accepted at 02:38:16 on 04 20 2017 out of 3, rate of accepted stores is 0.000000 percent
['shuffle-and-cut-games-la-habra', 's.txt'] store accepted at 11:27:30 on 04 20 2017
1 stores accepted at 11:27:34 on 04 20 2017 out of 22, rate of accepted stores is 0.045455 percent
0 stores accepted at 16:04:57 on 04 20 2017 out of 2, rate of accepted stores is 0.000000 percent
0 stores accepted at 16:06:23 on 04 20 2017 out of 4, rate of accepted stores is 0.000000 percent
0 stores accepted at 16:08:02 on 04 20 2017 out of 4, rate of accepted stores is 0.000000 percent
0 stores accepted at 16:09:40 on 04 20 2017 out of 4, rate of accepted stores is 0.000000 percent
0 stores accepted at 16:13:04 on 04 20 2017 out of 2, rate of accepted stores is 0.000000 percent
0 stores accepted at 16:19:17 on 04 20 2017 out of 2, rate of accepted stores is 0.000000 percent
['socal-magic-orange', 's.txt'] store accepted at 09:28:47 on 04 21 2017
1 stores accepted at 09:28:50 on 04 21 2017 out of 6, rate of accepted stores is 0.166667 percent
0 stores accepted at 11:16:41 on 04 21 2017 out of 20, rate of accepted stores is 0.000000 percent
0 stores accepted at 11:24:43 on 04 21 2017 out of 20, rate of accepted stores is 0.000000 percent
['comic-quest-lake-forest', 's.txt'] store accepted at 11:28:42 on 04 21 2017
['game-master-laguna-hills', 's.txt'] store accepted at 11:28:45 on 04 21 2017
['socal-games-and-comics-temecula-2', 's.txt'] store accepted at 11:28:50 on 04 21 2017
['the-blackstone-owl-baldwin-park', 's.txt'] store accepted at 11:28:52 on 04 21 2017
['the-war-house-long-beach', 's.txt'] store accepted at 11:28:54 on 04 21 2017
5 stores accepted at 11:28:57 on 04 21 2017 out of 20, rate of accepted stores is 0.250000 percent
0 stores accepted at 11:33:38 on 04 21 2017 out of 20, rate of accepted stores is 0.000000 percent
['cards-and-comics-central-san-francisco', 's.txt'] store accepted at 11:39:39 on 04 21 2017
['metropolis-comics-bellflower', 's.txt'] store accepted at 11:40:07 on 04 21 2017
['the-guild-house-bellflower', 's.txt'] store accepted at 11:40:24 on 04 21 2017
['versus-games-san-francisco', 's.txt'] store accepted at 11:40:36 on 04 21 2017
4 stores accepted at 11:40:39 on 04 21 2017 out of 20, rate of accepted stores is 0.200000 percent
0 stores accepted at 11:49:27 on 04 21 2017 out of 20, rate of accepted stores is 0.000000 percent
0 stores accepted at 11:49:55 on 04 21 2017 out of 20, rate of accepted stores is 0.000000 percent
0 stores accepted at 11:51:51 on 04 21 2017 out of 20, rate of accepted stores is 0.000000 percent
0 stores accepted at 11:52:49 on 04 21 2017 out of 20, rate of accepted stores is 0.000000 percent
0 stores accepted at 11:57:44 on 04 21 2017 out of 20, rate of accepted stores is 0.000000 percent
0 stores accepted at 12:00:36 on 04 21 2017 out of 20, rate of accepted stores is 0.000000 percent
0 stores accepted at 12:01:18 on 04 21 2017 out of 20, rate of accepted stores is 0.000000 percent
0 stores accepted at 12:02:52 on 04 21 2017 out of 20, rate of accepted stores is 0.000000 percent
0 stores accepted at 12:03:58 on 04 21 2017 out of 19, rate of accepted stores is 0.000000 percent
0 stores accepted at 12:04:22 on 04 21 2017 out of 14, rate of accepted stores is 0.000000 percent
0 stores accepted at 12:10:44 on 04 21 2017 out of 11, rate of accepted stores is 0.000000 percent
0 stores accepted at 12:13:03 on 04 21 2017 out of 11, rate of accepted stores is 0.000000 percent
0 stores accepted at 12:13:49 on 04 21 2017 out of 11, rate of accepted stores is 0.000000 percent
0 stores accepted at 12:15:18 on 04 21 2017 out of 11, rate of accepted stores is 0.000000 percent
0 stores accepted at 12:16:13 on 04 21 2017 out of 11, rate of accepted stores is 0.000000 percent
0 stores accepted at 12:16:35 on 04 21 2017 out of 11, rate of accepted stores is 0.000000 percent
0 stores accepted at 12:17:20 on 04 21 2017 out of 11, rate of accepted stores is 0.000000 percent
0 stores accepted at 12:17:48 on 04 21 2017 out of 11, rate of accepted stores is 0.000000 percent
0 stores accepted at 12:18:36 on 04 21 2017 out of 11, rate of accepted stores is 0.000000 percent
0 stores accepted at 12:19:19 on 04 21 2017 out of 11, rate of accepted stores is 0.000000 percent
0 stores accepted at 12:20:06 on 04 21 2017 out of 11, rate of accepted stores is 0.000000 percent
0 stores accepted at 12:20:14 on 04 21 2017 out of 11, rate of accepted stores is 0.000000 percent
0 stores accepted at 12:21:00 on 04 21 2017 out of 11, rate of accepted stores is 0.000000 percent
0 stores accepted at 12:21:12 on 04 21 2017 out of 11, rate of accepted stores is 0.000000 percent
0 stores accepted at 12:21:47 on 04 21 2017 out of 11, rate of accepted stores is 0.000000 percent
0 stores accepted at 12:22:53 on 04 21 2017 out of 10, rate of accepted stores is 0.000000 percent
['the-guild-house-bellflower', 's.txt'] store accepted at 12:24:20 on 04 21 2017
['versus-games-san-francisco', 's.txt'] store accepted at 12:24:22 on 04 21 2017
2 stores accepted at 12:24:23 on 04 21 2017 out of 10, rate of accepted stores is 0.200000 percent
0 stores accepted at 12:27:02 on 04 21 2017 out of 10, rate of accepted stores is 0.000000 percent
0 stores accepted at 12:27:11 on 04 21 2017 out of 10, rate of accepted stores is 0.000000 percent
0 stores accepted at 12:27:41 on 04 21 2017 out of 10, rate of accepted stores is 0.000000 percent
0 stores accepted at 12:28:51 on 04 21 2017 out of 9, rate of accepted stores is 0.000000 percent
0 stores accepted at 12:29:24 on 04 21 2017 out of 4, rate of accepted stores is 0.000000 percent
['berkeley-ace-hardware-berkeley', 's.txt'] store accepted at 19:54:03 on 04 21 2017 with the word warhammer
['bigger-better-games-fremont', 's.txt'] store accepted at 19:54:05 on 04 21 2017 with the word magic the gathering
['d20-games-alameda-2', 's.txt'] store accepted at 19:54:06 on 04 21 2017 with the word game store
['dr-comics-and-mr-games-oakland', 's.txt'] store accepted at 19:54:07 on 04 21 2017 with the word booster pack
['game-kastle-mountain-view', 's.txt'] store accepted at 19:54:09 on 04 21 2017 with the word magic the gathering
['games-of-berkeley-berkeley-2', 's.txt'] store accepted at 19:54:10 on 04 21 2017 with the word gaming store
['games-workshop-union-city', 's.txt'] store accepted at 19:54:11 on 04 21 2017 with the word warhammer
['heretic-games-san-bruno-2', 's.txt'] store accepted at 19:54:13 on 04 21 2017 with the word tabletop
['isle-of-gamers-santa-clara', 's.txt'] store accepted at 19:54:14 on 04 21 2017 with the word game store
['ronin-games-and-hobbies-castro-valley', 's.txt'] store accepted at 19:54:16 on 04 21 2017 with the word board and card games
['victory-point-cafe-berkeley', 's.txt'] store accepted at 19:54:17 on 04 21 2017 with the word board game cafe
0 stores accepted at 20:00:10 on 04 21 2017 out of 12, rate of accepted stores is 0.000000 percent
['a-1-comics-roseville-2', 's.txt'] store accepted at 20:03:35 on 04 21 2017 with the word gaming store
['channel-fireball-game-center-santa-clara', 's.txt'] store accepted at 20:03:37 on 04 21 2017 with the word mtg
['forgotten-path-games-vacaville', 's.txt'] store accepted at 20:03:38 on 04 21 2017 with the word gaming store
['galaxy-games-dublin', 's.txt'] store accepted at 20:03:39 on 04 21 2017 with the word mtg
['game-kastle-fremont', 's.txt'] store accepted at 20:03:41 on 04 21 2017 with the word board and card games
['game-kastle-santa-clara-2', 's.txt'] store accepted at 20:03:42 on 04 21 2017 with the word tabletop
['games-and-electronics-dublin-2', 's.txt'] store accepted at 20:03:43 on 04 21 2017 with the word game store
['legends-comics-and-games-santa-clara-2', 's.txt'] store accepted at 20:03:45 on 04 21 2017 with the word game store
8 stores accepted at 20:03:46 on 04 21 2017 out of 38, rate of accepted stores is 0.210526 percent
0 stores accepted at 12:29:16 on 04 25 2017 out of 29, rate of accepted stores is 0.000000 percent
0 stores accepted at 12:30:06 on 04 25 2017 out of 16, rate of accepted stores is 0.000000 percent
0 stores accepted at 12:38:10 on 04 25 2017 out of 16, rate of accepted stores is 0.000000 percent
0 stores accepted at 12:39:14 on 04 25 2017 out of 16, rate of accepted stores is 0.000000 percent
0 stores accepted at 12:40:05 on 04 25 2017 out of 16, rate of accepted stores is 0.000000 percent
0 stores accepted at 12:42:08 on 04 25 2017 out of 16, rate of accepted stores is 0.000000 percent
0 stores accepted at 12:47:13 on 04 25 2017 out of 1, rate of accepted stores is 0.000000 percent
0 stores accepted at 12:49:32 on 04 25 2017 out of 1, rate of accepted stores is 0.000000 percent
0 stores accepted at 12:49:44 on 04 25 2017 out of 1, rate of accepted stores is 0.000000 percent
0 stores accepted at 12:50:48 on 04 25 2017 out of 1, rate of accepted stores is 0.000000 percent
0 stores accepted at 12:51:47 on 04 25 2017 out of 1, rate of accepted stores is 0.000000 percent
['heroes-corner-games-and-merchandise-chico-2', 's.txt'] store accepted at 21:25:00 on 04 26 2017
0 stores accepted at 21:34:21 on 04 26 2017 out of 26, rate of accepted stores is 0.000000 percent
0 stores accepted at 21:40:15 on 04 26 2017 out of 1, rate of accepted stores is 0.000000 percent
0 stores accepted at 21:50:11 on 04 26 2017 out of 1, rate of accepted stores is 0.000000 percent
0 stores accepted at 21:54:51 on 04 26 2017 out of 1, rate of accepted stores is 0.000000 percent
0 stores accepted at 22:19:24 on 04 26 2017 out of 32, rate of accepted stores is 0.000000 percent
0 stores accepted at 22:23:15 on 04 26 2017 out of 1, rate of accepted stores is 0.000000 percent
['aztec-coffee-and-games-monrovia', 's.txt'] store accepted at 22:44:26 on 04 26 2017
['cry-havoc-gaming-twentynine-palms-3', 's.txt'] store accepted at 22:44:29 on 04 26 2017
['game-qore-visalia-2', 's.txt'] store accepted at 22:44:30 on 04 26 2017
['heroes-games-and-hobbies-sparks', 's.txt'] store accepted at 22:45:57 on 04 26 2017
['just-imagine-ridgecrest', 's.txt'] store accepted at 22:45:59 on 04 26 2017
['leisure-time-games-santa-maria', 's.txt'] store accepted at 22:46:00 on 04 26 2017
['playlive-nation-mission-viejo', 's.txt'] store accepted at 22:46:02 on 04 26 2017
4 stores accepted at 22:46:04 on 04 26 2017 out of 11, rate of accepted stores is 0.363636 percent
['atomic-games-west-golden', 's.txt'] store accepted at 22:48:36 on 04 26 2017
['black-and-read-arvada-3', 's.txt'] store accepted at 22:48:38 on 04 26 2017
['board-game-republic-denver-2', 's.txt'] store accepted at 22:48:40 on 04 26 2017
['collector-mania-parker', 's.txt'] store accepted at 22:48:41 on 04 26 2017
['colpars-hobbytown-usa-lakewood', 's.txt'] store accepted at 22:48:42 on 04 26 2017
['crit-castle-games-aurora', 's.txt'] store accepted at 22:48:43 on 04 26 2017
['denver-central-games-denver', 's.txt'] store accepted at 22:48:45 on 04 26 2017
['enchanted-grounds-highlands-ranch', 's.txt'] store accepted at 22:48:46 on 04 26 2017
['enchanted-grounds-littleton', 's.txt'] store accepted at 22:48:47 on 04 26 2017
['funtastic-games-louisville', 's.txt'] store accepted at 22:48:49 on 04 26 2017
['game-force-boulder', 's.txt'] store accepted at 22:48:50 on 04 26 2017
['gamers-guild-boulder', 's.txt'] store accepted at 22:48:51 on 04 26 2017
['hobbytown-usa-westminster-westminster-2', 's.txt'] store accepted at 22:48:53 on 04 26 2017
['its-your-move-broomfield', 's.txt'] store accepted at 22:48:54 on 04 26 2017
['karliquins-game-knight-boulder-2', 's.txt'] store accepted at 22:48:56 on 04 26 2017
['sheps-games-aurora', 's.txt'] store accepted at 22:48:57 on 04 26 2017
['time-well-spent-games-inc-denver', 's.txt'] store accepted at 22:48:59 on 04 26 2017
['total-escape-games-broomfield', 's.txt'] store accepted at 22:49:00 on 04 26 2017
18 stores accepted at 22:49:02 on 04 26 2017 out of 25, rate of accepted stores is 0.720000 percent
0 stores accepted at 14:06:12 on 04 27 2017 out of 7, rate of accepted stores is 0.000000 percent
0 stores accepted at 14:09:07 on 04 27 2017 out of 52, rate of accepted stores is 0.000000 percent
0 stores accepted at 14:10:14 on 04 27 2017 out of 51, rate of accepted stores is 0.000000 percent
0 stores accepted at 14:11:25 on 04 27 2017 out of 51, rate of accepted stores is 0.000000 percent
0 stores accepted at 14:12:48 on 04 27 2017 out of 51, rate of accepted stores is 0.000000 percent
0 stores accepted at 14:13:26 on 04 27 2017 out of 51, rate of accepted stores is 0.000000 percent
0 stores accepted at 14:15:42 on 04 27 2017 out of 51, rate of accepted stores is 0.000000 percent
0 stores accepted at 14:17:20 on 04 27 2017 out of 5, rate of accepted stores is 0.000000 percent
0 stores accepted at 14:20:51 on 04 27 2017 out of 51, rate of accepted stores is 0.000000 percent
0 stores accepted at 14:22:57 on 04 27 2017 out of 51, rate of accepted stores is 0.000000 percent
0 stores accepted at 14:24:48 on 04 27 2017 out of 51, rate of accepted stores is 0.000000 percent
0 stores accepted at 14:51:10 on 04 27 2017 out of 50, rate of accepted stores is 0.000000 percent
0 stores accepted at 14:59:43 on 04 27 2017 out of 51, rate of accepted stores is 0.000000 percent
0 stores accepted at 15:01:10 on 04 27 2017 out of 51, rate of accepted stores is 0.000000 percent
0 stores accepted at 15:04:05 on 04 27 2017 out of 51, rate of accepted stores is 0.000000 percent
0 stores accepted at 15:06:33 on 04 27 2017 out of 51, rate of accepted stores is 0.000000 percent
0 stores accepted at 15:09:20 on 04 27 2017 out of 51, rate of accepted stores is 0.000000 percent
['its-your-move-fort-collins', 's.txt'] store accepted at 15:19:16 on 04 27 2017
1 stores accepted at 15:19:22 on 04 27 2017 out of 51, rate of accepted stores is 0.019608 percent
['abugames-boise', 's.txt'] store accepted at 09:43:35 on 04 28 2017
['blakfyre-games-pleasant-grove', 's.txt'] store accepted at 09:43:37 on 04 28 2017
['dice-to-mice-spearfish', 's.txt'] store accepted at 09:43:39 on 04 28 2017
['dragons-keep-lehi', 's.txt'] store accepted at 09:43:40 on 04 28 2017
['dragons-keep-provo', 's.txt'] store accepted at 09:43:41 on 04 28 2017
['enclave-games-boise', 's.txt'] store accepted at 09:43:43 on 04 28 2017
['end-zone-hobby-center-clearfield', 's.txt'] store accepted at 09:43:44 on 04 28 2017
['epic-puzzles-and-games-west-valley-city', 's.txt'] store accepted at 09:43:46 on 04 28 2017
['fongo-bongo-games-riverton', 's.txt'] store accepted at 09:43:48 on 04 28 2017
['game-grid-lehi', 's.txt'] store accepted at 09:43:49 on 04 28 2017
['game-haven-bountiful', 's.txt'] store accepted at 09:43:50 on 04 28 2017
['game-haven-west-jordan', 's.txt'] store accepted at 09:43:52 on 04 28 2017
['game-matrix-lakewood', 's.txt'] store accepted at 09:43:53 on 04 28 2017
['game-night-games-salt-lake-city', 's.txt'] store accepted at 09:43:54 on 04 28 2017
['gamers-inn-lehi-2', 's.txt'] store accepted at 09:43:56 on 04 28 2017
['goliath-gaming-boise', 's.txt'] store accepted at 09:43:57 on 04 28 2017
['hastur-games-midvale-2', 's.txt'] store accepted at 09:43:59 on 04 28 2017
['mind-games-west-valley-city', 's.txt'] store accepted at 09:44:01 on 04 28 2017
['mystic-hobby-games-sandy', 's.txt'] store accepted at 09:44:02 on 04 28 2017
['oasis-games-salt-lake-city', 's.txt'] store accepted at 09:44:04 on 04 28 2017
['phoenix-company-cards-and-games-yelm', 's.txt'] store accepted at 09:44:05 on 04 28 2017
['phoenix-fire-games-meridian', 's.txt'] store accepted at 09:44:07 on 04 28 2017
['safari-pearl-comics-moscow', 's.txt'] store accepted at 09:44:08 on 04 28 2017
['tacoma-games-tacoma-2', 's.txt'] store accepted at 09:44:09 on 04 28 2017
['the-gamers-haven-spokane-valley', 's.txt'] store accepted at 09:44:11 on 04 28 2017
['toad-and-tricycle-games-logan', 's.txt'] store accepted at 09:44:12 on 04 28 2017
['uncles-games-spokane-valley-2', 's.txt'] store accepted at 09:44:13 on 04 28 2017
['uncles-games-spokane', 's.txt'] store accepted at 09:44:15 on 04 28 2017
['uncles-games-tacoma', 's.txt'] store accepted at 09:44:16 on 04 28 2017
29 stores accepted at 09:44:17 on 04 28 2017 out of 38, rate of accepted stores is 0.763158 percent
['empire-board-game-library-albuquerque', 's.txt'] store accepted at 09:49:53 on 04 28 2017
['empire-games-shop-las-vegas', 's.txt'] store accepted at 09:49:55 on 04 28 2017
['little-shop-of-magic-las-vegas-2', 's.txt'] store accepted at 09:49:58 on 04 28 2017
['pair-a-dice-roswell', 's.txt'] store accepted at 09:50:00 on 04 28 2017
['sun-city-games-el-paso', 's.txt'] store accepted at 09:50:01 on 04 28 2017
['the-gaming-goat-las-vegas', 's.txt'] store accepted at 09:50:02 on 04 28 2017
['the-gathering-grounds-mcallen', 's.txt'] store accepted at 09:50:04 on 04 28 2017
['the-toy-box-las-vegas-5', 's.txt'] store accepted at 09:50:05 on 04 28 2017
['wii-play-games-las-vegas-4', 's.txt'] store accepted at 09:50:07 on 04 28 2017
9 stores accepted at 09:50:08 on 04 28 2017 out of 25, rate of accepted stores is 0.360000 percent
0 stores accepted at 10:38:33 on 04 29 2017 out of 8, rate of accepted stores is 0.000000 percent
0 stores accepted at 10:41:14 on 04 29 2017 out of 8, rate of accepted stores is 0.000000 percent
['green-tower-games-santa-clarita', 's.txt'] store accepted at 10:45:14 on 04 29 2017
['war-room-games-las-vegas', 's.txt'] store accepted at 10:46:23 on 04 29 2017
1 stores accepted at 10:46:26 on 04 29 2017 out of 4, rate of accepted stores is 0.250000 percent
