0 stores rejected at 21:59:35 on 04 19 2017 out of 1, rate of accepted stores is 0.000000 percent
0 stores rejected at 22:02:39 on 04 19 2017 out of 1, rate of accepted stores is 0.000000 percent
0 stores rejected at 22:03:34 on 04 19 2017 out of 1, rate of accepted stores is 0.000000 percent
0 stores rejected at 22:04:40 on 04 19 2017 out of 1, rate of accepted stores is 0.000000 percent
0 stores rejected at 22:05:01 on 04 19 2017 out of 1, rate of accepted stores is 0.000000 percent
0 stores rejected at 22:06:14 on 04 19 2017 out of 1, rate of accepted stores is 0.000000 percent
0 stores rejected at 22:11:10 on 04 19 2017 out of 1, rate of accepted stores is 0.000000 percent
0 stores rejected at 22:11:49 on 04 19 2017 out of 1, rate of accepted stores is 0.000000 percent
0 stores rejected at 22:16:43 on 04 19 2017 out of 1, rate of accepted stores is 0.000000 percent
['comic-hero-university-fullerton', 's.txt'] store rejected at 22:25:13 on 04 19 2017
1 stores rejected at 22:25:14 on 04 19 2017 out of 3, rate of accepted stores is 0.333333 percent
['card-addiction-anaheim', 's.txt'] store rejected at 23:21:40 on 04 19 2017
['comic-kingdom-reno-3', 's.txt'] store rejected at 23:21:40 on 04 19 2017
2 stores rejected at 23:21:40 on 04 19 2017 out of 3, rate of accepted stores is 0.666667 percent
0 stores rejected at 23:48:48 on 04 19 2017 out of 3, rate of accepted stores is 0.000000 percent
0 stores rejected at 23:49:47 on 04 19 2017 out of 3, rate of accepted stores is 0.000000 percent
0 stores rejected at 23:59:39 on 04 19 2017 out of 3, rate of accepted stores is 0.000000 percent
0 stores rejected at 02:34:30 on 04 20 2017 out of 3, rate of accepted stores is 0.000000 percent
0 stores rejected at 02:34:55 on 04 20 2017 out of 3, rate of accepted stores is 0.000000 percent
0 stores rejected at 02:36:11 on 04 20 2017 out of 3, rate of accepted stores is 0.000000 percent
0 stores rejected at 02:36:29 on 04 20 2017 out of 3, rate of accepted stores is 0.000000 percent
0 stores rejected at 02:36:39 on 04 20 2017 out of 3, rate of accepted stores is 0.000000 percent
0 stores rejected at 02:36:54 on 04 20 2017 out of 3, rate of accepted stores is 0.000000 percent
0 stores rejected at 02:37:55 on 04 20 2017 out of 3, rate of accepted stores is 0.000000 percent
0 stores rejected at 02:38:16 on 04 20 2017 out of 3, rate of accepted stores is 0.000000 percent
['california-closets-huntington-beach-3', 's.txt'] store rejected at 11:27:26 on 04 20 2017
['campus-billiards-and-sports-bar-cypress', 's.txt'] store rejected at 11:27:27 on 04 20 2017
['choice-granite-and-cabinets-diamond-bar-2', 's.txt'] store rejected at 11:27:27 on 04 20 2017
['computech-garden-grove', 's.txt'] store rejected at 11:27:27 on 04 20 2017
['east-west-bikes-fullerton', 's.txt'] store rejected at 11:27:27 on 04 20 2017
['fullerton-metrolink-train-station-fullerton', 's.txt'] store rejected at 11:27:28 on 04 20 2017
['goodwill-store-and-donation-center-garden-grove-2', 's.txt'] store rejected at 11:27:28 on 04 20 2017
['mkb-home-design-downey-4', 's.txt'] store rejected at 11:27:28 on 04 20 2017
['muuduu-furniture-city-of-industry-2', 's.txt'] store rejected at 11:27:28 on 04 20 2017
['my-d-pins-and-collectibles-anaheim', 's.txt'] store rejected at 11:27:29 on 04 20 2017
['phat-collectibles-anaheim-2', 's.txt'] store rejected at 11:27:29 on 04 20 2017
['phat-collectibles-la-habra', 's.txt'] store rejected at 11:27:29 on 04 20 2017
['play-it-again-sports-fullerton', 's.txt'] store rejected at 11:27:29 on 04 20 2017
['pro-wireless-orange-4', 's.txt'] store rejected at 11:27:30 on 04 20 2017
['roma-furniture-placentia-3', 's.txt'] store rejected at 11:27:30 on 04 20 2017
['savers-la-mirada-2', 's.txt'] store rejected at 11:27:30 on 04 20 2017
['sit-n-sleep-fullerton', 's.txt'] store rejected at 11:27:33 on 04 20 2017
['sprint-store-fullerton-2', 's.txt'] store rejected at 11:27:33 on 04 20 2017
['station-identification-entertainment-anaheim', 's.txt'] store rejected at 11:27:34 on 04 20 2017
['the-vintage-vape-anaheim', 's.txt'] store rejected at 11:27:34 on 04 20 2017
['zzzzz-mattress-anaheim', 's.txt'] store rejected at 11:27:34 on 04 20 2017
21 stores rejected at 11:27:34 on 04 20 2017 out of 22, rate of accepted stores is 0.954545 percent
0 stores rejected at 16:04:57 on 04 20 2017 out of 2, rate of accepted stores is 0.000000 percent
0 stores rejected at 16:06:23 on 04 20 2017 out of 4, rate of accepted stores is 0.000000 percent
0 stores rejected at 16:08:02 on 04 20 2017 out of 4, rate of accepted stores is 0.000000 percent
2 stores rejected at 16:09:40 on 04 20 2017 out of 4, rate of accepted stores is 0.500000 percent
0 stores rejected at 16:13:04 on 04 20 2017 out of 2, rate of accepted stores is 0.000000 percent
0 stores rejected at 16:19:17 on 04 20 2017 out of 2, rate of accepted stores is 0.000000 percent
['antique-station-orange', 's.txt'] store rejected at 09:28:46 on 04 21 2017
['mothers-secret-orange-2', 's.txt'] store rejected at 09:28:47 on 04 21 2017
['target-anaheim-5', 's.txt'] store rejected at 09:28:49 on 04 21 2017
['the-orange-peel-thrift-shop-orange', 's.txt'] store rejected at 09:28:50 on 04 21 2017
4 stores rejected at 09:28:50 on 04 21 2017 out of 6, rate of accepted stores is 0.666667 percent
['a-wedding-by-di-san-diego', 's.txt'] store rejected at 11:16:36 on 04 21 2017
['ashley-homestore-yorba-linda', 's.txt'] store rejected at 11:16:36 on 04 21 2017
['at-and-t-anaheim', 's.txt'] store rejected at 11:16:36 on 04 21 2017
['captains-auction-warehouse-anaheim', 's.txt'] store rejected at 11:16:37 on 04 21 2017
['carnival-services-pomona-3', 's.txt'] store rejected at 11:16:37 on 04 21 2017
['cheers-beer-tours-pasadena-2', 's.txt'] store rejected at 11:16:37 on 04 21 2017
['costco-wholesale-yorba-linda', 's.txt'] store rejected at 11:16:37 on 04 21 2017
['dannys-jumpers-party-rentals-downey', 's.txt'] store rejected at 11:16:38 on 04 21 2017
['erin-hansen-events-and-designs-redondo-beach', 's.txt'] store rejected at 11:16:38 on 04 21 2017
['events-by-sonya-san-diego', 's.txt'] store rejected at 11:16:38 on 04 21 2017
['northstar-limos-encinitas-2', 's.txt'] store rejected at 11:16:38 on 04 21 2017
['oak-mountain-winery-temecula', 's.txt'] store rejected at 11:16:39 on 04 21 2017
['rotor-f-x-los-angeles', 's.txt'] store rejected at 11:16:39 on 04 21 2017
['supershuttle-torrance', 's.txt'] store rejected at 11:16:39 on 04 21 2017
['target-orange-2', 's.txt'] store rejected at 11:16:39 on 04 21 2017
['titan-builders-and-remodeling-los-angeles-5', 's.txt'] store rejected at 11:16:40 on 04 21 2017
['vietnamese-wedding-dj-mc-band-westminster-mid-city-3', 's.txt'] store rejected at 11:16:40 on 04 21 2017
['whole-health-everyday-newport-beach-2', 's.txt'] store rejected at 11:16:40 on 04 21 2017
['world-martial-arts-center-yorba-linda-yorba-linda-2', 's.txt'] store rejected at 11:16:41 on 04 21 2017
19 stores rejected at 11:16:41 on 04 21 2017 out of 20, rate of accepted stores is 0.950000 percent
['aaa-automobile-club-of-southern-california-anaheim-hills', 's.txt'] store rejected at 11:24:38 on 04 21 2017
['baking-with-melissa-los-angeles', 's.txt'] store rejected at 11:24:38 on 04 21 2017
['big-thunder-mountain-railroad-anaheim-2', 's.txt'] store rejected at 11:24:38 on 04 21 2017
['cyclelab-fitness-studio-anaheim', 's.txt'] store rejected at 11:24:39 on 04 21 2017
['disneyland-half-marathon-anaheim-10', 's.txt'] store rejected at 11:24:39 on 04 21 2017
['fairfield-inn-by-marriott-anaheim-hills-orange-county-anaheim-hills', 's.txt'] store rejected at 11:24:39 on 04 21 2017
['gameology-montclair', 's.txt'] store rejected at 11:24:39 on 04 21 2017
['good-olboys-saloon-and-sports-bar-anaheim', 's.txt'] store rejected at 11:24:40 on 04 21 2017
['holiday-inn-hotel-and-suites-anaheim-anaheim', 's.txt'] store rejected at 11:24:40 on 04 21 2017
['johns-incredible-pizza-company-buena-park-3', 's.txt'] store rejected at 11:24:40 on 04 21 2017
['michaels-rowland-heights', 's.txt'] store rejected at 11:24:40 on 04 21 2017
['mtg-deals-south-el-monte', 's.txt'] store rejected at 11:24:41 on 04 21 2017
['remart-anaheim', 's.txt'] store rejected at 11:24:41 on 04 21 2017
['south-bay-party-bus-san-pedro-6', 's.txt'] store rejected at 11:24:41 on 04 21 2017
['stanton-central-park-stanton', 's.txt'] store rejected at 11:24:41 on 04 21 2017
['star-tours-anaheim', 's.txt'] store rejected at 11:24:42 on 04 21 2017
['tangowood-kitchen-and-baths-anaheim', 's.txt'] store rejected at 11:24:42 on 04 21 2017
['videotech-anaheim-2', 's.txt'] store rejected at 11:24:42 on 04 21 2017
['white-rose-limousine-orange', 's.txt'] store rejected at 11:24:43 on 04 21 2017
19 stores rejected at 11:24:43 on 04 21 2017 out of 20, rate of accepted stores is 0.950000 percent
['boon-companion-claremont-2', 's.txt'] store rejected at 11:28:41 on 04 21 2017
['cards-and-comics-central-san-francisco', 's.txt'] store rejected at 11:28:42 on 04 21 2017
['game-stop-lake-forest', 's.txt'] store rejected at 11:28:47 on 04 21 2017
['japantown-collectibles-san-francisco', 's.txt'] store rejected at 11:28:47 on 04 21 2017
['metropolis-comics-bellflower', 's.txt'] store rejected at 11:28:48 on 04 21 2017
['michaels-foothill-ranch-2', 's.txt'] store rejected at 11:28:48 on 04 21 2017
['michaels-lakewood-4', 's.txt'] store rejected at 11:28:49 on 04 21 2017
['michaels-orange', 's.txt'] store rejected at 11:28:49 on 04 21 2017
['michaels-tustin', 's.txt'] store rejected at 11:28:49 on 04 21 2017
['pegasus-hobbies-montclair', 's.txt'] store rejected at 11:28:50 on 04 21 2017
['the-guild-house-bellflower', 's.txt'] store rejected at 11:28:54 on 04 21 2017
['toys-r-us-redlands', 's.txt'] store rejected at 11:28:56 on 04 21 2017
['versus-games-san-francisco', 's.txt'] store rejected at 11:28:56 on 04 21 2017
['vics-video-games-south-el-monte', 's.txt'] store rejected at 11:28:57 on 04 21 2017
14 stores rejected at 11:28:57 on 04 21 2017 out of 20, rate of accepted stores is 0.700000 percent
0 stores rejected at 11:33:38 on 04 21 2017 out of 20, rate of accepted stores is 0.000000 percent
0 stores rejected at 11:40:39 on 04 21 2017 out of 20, rate of accepted stores is 0.000000 percent
0 stores rejected at 11:49:27 on 04 21 2017 out of 20, rate of accepted stores is 0.000000 percent
0 stores rejected at 11:49:55 on 04 21 2017 out of 20, rate of accepted stores is 0.000000 percent
0 stores rejected at 11:51:51 on 04 21 2017 out of 20, rate of accepted stores is 0.000000 percent
0 stores rejected at 11:52:49 on 04 21 2017 out of 20, rate of accepted stores is 0.000000 percent
0 stores rejected at 11:57:44 on 04 21 2017 out of 20, rate of accepted stores is 0.000000 percent
0 stores rejected at 12:00:36 on 04 21 2017 out of 20, rate of accepted stores is 0.000000 percent
0 stores rejected at 12:01:18 on 04 21 2017 out of 20, rate of accepted stores is 0.000000 percent
0 stores rejected at 12:02:52 on 04 21 2017 out of 20, rate of accepted stores is 0.000000 percent
0 stores rejected at 12:03:58 on 04 21 2017 out of 19, rate of accepted stores is 0.000000 percent
0 stores rejected at 12:04:22 on 04 21 2017 out of 14, rate of accepted stores is 0.000000 percent
['the-guild-house-bellflower', 's.txt'] store rejected at 12:10:42 on 04 21 2017
['versus-games-san-francisco', 's.txt'] store rejected at 12:10:44 on 04 21 2017
2 stores rejected at 12:10:44 on 04 21 2017 out of 11, rate of accepted stores is 0.181818 percent
0 stores rejected at 12:13:03 on 04 21 2017 out of 11, rate of accepted stores is 0.000000 percent
0 stores rejected at 12:13:49 on 04 21 2017 out of 11, rate of accepted stores is 0.000000 percent
0 stores rejected at 12:15:18 on 04 21 2017 out of 11, rate of accepted stores is 0.000000 percent
0 stores rejected at 12:16:13 on 04 21 2017 out of 11, rate of accepted stores is 0.000000 percent
0 stores rejected at 12:16:35 on 04 21 2017 out of 11, rate of accepted stores is 0.000000 percent
0 stores rejected at 12:17:20 on 04 21 2017 out of 11, rate of accepted stores is 0.000000 percent
0 stores rejected at 12:17:48 on 04 21 2017 out of 11, rate of accepted stores is 0.000000 percent
0 stores rejected at 12:18:36 on 04 21 2017 out of 11, rate of accepted stores is 0.000000 percent
0 stores rejected at 12:19:19 on 04 21 2017 out of 11, rate of accepted stores is 0.000000 percent
0 stores rejected at 12:20:06 on 04 21 2017 out of 11, rate of accepted stores is 0.000000 percent
0 stores rejected at 12:20:14 on 04 21 2017 out of 11, rate of accepted stores is 0.000000 percent
0 stores rejected at 12:21:00 on 04 21 2017 out of 11, rate of accepted stores is 0.000000 percent
0 stores rejected at 12:21:12 on 04 21 2017 out of 11, rate of accepted stores is 0.000000 percent
0 stores rejected at 12:21:47 on 04 21 2017 out of 11, rate of accepted stores is 0.000000 percent
0 stores rejected at 12:22:53 on 04 21 2017 out of 10, rate of accepted stores is 0.000000 percent
0 stores rejected at 12:24:23 on 04 21 2017 out of 10, rate of accepted stores is 0.000000 percent
0 stores rejected at 12:27:02 on 04 21 2017 out of 10, rate of accepted stores is 0.000000 percent
0 stores rejected at 12:27:11 on 04 21 2017 out of 10, rate of accepted stores is 0.000000 percent
0 stores rejected at 12:27:41 on 04 21 2017 out of 10, rate of accepted stores is 0.000000 percent
0 stores rejected at 12:28:51 on 04 21 2017 out of 9, rate of accepted stores is 0.000000 percent
0 stores rejected at 12:29:24 on 04 21 2017 out of 4, rate of accepted stores is 0.000000 percent
['babies-r-us-sunnyvale', 's.txt'] store rejected at 19:54:02 on 04 21 2017, no mention of the word game
['blick-art-materials-oakland', 's.txt'] store rejected at 19:54:06 on 04 21 2017, no mention of the word game
['hobbytown-usa-sunnyvale-2', 's.txt'] store rejected at 19:54:14 on 04 21 2017, no mention of the word game
['michaels-colma-2', 's.txt'] store rejected at 19:54:15 on 04 21 2017, no mention of the word game
0 stores rejected at 20:00:10 on 04 21 2017 out of 12, rate of accepted stores is 0.000000 percent
['tap-plastics-san-jose-3', 's.txt'] store rejected at 20:03:46 on 04 21 2017, no mention of the word game
1 stores rejected at 20:03:46 on 04 21 2017 out of 38, rate of accepted stores is 0.026316 percent
0 stores rejected at 12:29:16 on 04 25 2017 out of 29, rate of accepted stores is 0.000000 percent
0 stores rejected at 12:30:06 on 04 25 2017 out of 16, rate of accepted stores is 0.000000 percent
0 stores rejected at 12:38:10 on 04 25 2017 out of 16, rate of accepted stores is 0.000000 percent
0 stores rejected at 12:39:14 on 04 25 2017 out of 16, rate of accepted stores is 0.000000 percent
0 stores rejected at 12:40:05 on 04 25 2017 out of 16, rate of accepted stores is 0.000000 percent
0 stores rejected at 12:42:08 on 04 25 2017 out of 16, rate of accepted stores is 0.000000 percent
0 stores rejected at 12:47:13 on 04 25 2017 out of 1, rate of accepted stores is 0.000000 percent
0 stores rejected at 12:49:32 on 04 25 2017 out of 1, rate of accepted stores is 0.000000 percent
0 stores rejected at 12:49:44 on 04 25 2017 out of 1, rate of accepted stores is 0.000000 percent
0 stores rejected at 12:50:48 on 04 25 2017 out of 1, rate of accepted stores is 0.000000 percent
0 stores rejected at 12:51:47 on 04 25 2017 out of 1, rate of accepted stores is 0.000000 percent
['comics-n-stuff-la-mesa-2', 's.txt'] store rejected at 21:23:23 on 04 26 2017
['go-games-and-toys-roseville', 's.txt'] store rejected at 21:24:22 on 04 26 2017
['wood-expressions-gardena', 's.txt'] store rejected at 21:25:24 on 04 26 2017
0 stores rejected at 21:34:21 on 04 26 2017 out of 26, rate of accepted stores is 0.000000 percent
0 stores rejected at 21:40:15 on 04 26 2017 out of 1, rate of accepted stores is 0.000000 percent
0 stores rejected at 21:50:11 on 04 26 2017 out of 1, rate of accepted stores is 0.000000 percent
0 stores rejected at 21:54:51 on 04 26 2017 out of 1, rate of accepted stores is 0.000000 percent
['frys-electronics-anaheim', 's.txt'] store rejected at 22:05:28 on 04 26 2017
['berliners-cornucopia-eureka', 's.txt'] store rejected at 22:07:15 on 04 26 2017
['blick-art-materials-los-angeles-3', 's.txt'] store rejected at 22:08:37 on 04 26 2017
['blick-art-materials-los-angeles', 's.txt'] store rejected at 22:13:32 on 04 26 2017
['blick-art-materials-san-diego', 's.txt'] store rejected at 22:14:14 on 04 26 2017
['epic-worlds-and-games-copperopolis', 's.txt'] store rejected at 22:19:15 on 04 26 2017
['evike-airsoft-superstore-alhambra', 's.txt'] store rejected at 22:19:15 on 04 26 2017
['explorers-emporium-simi-valley', 's.txt'] store rejected at 22:19:15 on 04 26 2017
['geppettos-carlsbad', 's.txt'] store rejected at 22:19:16 on 04 26 2017
['geppettos-la-jolla-2', 's.txt'] store rejected at 22:19:16 on 04 26 2017
['green-tower-games-santa-clarita', 's.txt'] store rejected at 22:19:16 on 04 26 2017
['hobby-lobby-burbank', 's.txt'] store rejected at 22:19:17 on 04 26 2017
['hobby-lobby-dublin-2', 's.txt'] store rejected at 22:19:17 on 04 26 2017
['hobbytown-usa-concord', 's.txt'] store rejected at 22:19:17 on 04 26 2017
['hypnotized-hobbies-arcadia-2', 's.txt'] store rejected at 22:19:17 on 04 26 2017
['learning-express-toys-roseville-2', 's.txt'] store rejected at 22:19:18 on 04 26 2017
['learning-express-toys-san-jose', 's.txt'] store rejected at 22:19:18 on 04 26 2017
['marbles-the-brain-store-santa-monica', 's.txt'] store rejected at 22:19:18 on 04 26 2017
['michaels-brentwood', 's.txt'] store rejected at 22:19:18 on 04 26 2017
['michaels-emeryville', 's.txt'] store rejected at 22:19:19 on 04 26 2017
['michaels-escondido-2', 's.txt'] store rejected at 22:19:19 on 04 26 2017
['michaels-folsom', 's.txt'] store rejected at 22:19:19 on 04 26 2017
['michaels-la-mesa', 's.txt'] store rejected at 22:19:20 on 04 26 2017
['michaels-san-diego-2', 's.txt'] store rejected at 22:19:20 on 04 26 2017
['michaels-san-diego-5', 's.txt'] store rejected at 22:19:20 on 04 26 2017
['michaels-san-jose-3', 's.txt'] store rejected at 22:19:20 on 04 26 2017
['michaels-san-jose-4', 's.txt'] store rejected at 22:19:21 on 04 26 2017
['michaels-san-jose-7', 's.txt'] store rejected at 22:19:21 on 04 26 2017
['necromance-los-angeles', 's.txt'] store rejected at 22:19:21 on 04 26 2017
['new-edge-sports-paintball-and-airsoft-shop-castaic', 's.txt'] store rejected at 22:19:21 on 04 26 2017
['out-of-this-world-mendocino', 's.txt'] store rejected at 22:19:22 on 04 26 2017
['r-c-country-hobbies-sacramento', 's.txt'] store rejected at 22:19:22 on 04 26 2017
['spunky-skunk-fort-bragg', 's.txt'] store rejected at 22:19:22 on 04 26 2017
['the-puzzle-lady-pacific-grove', 's.txt'] store rejected at 22:19:23 on 04 26 2017
['the-wooden-horse-los-gatos-2', 's.txt'] store rejected at 22:19:23 on 04 26 2017
['vintage-arcade-superstore-glendale', 's.txt'] store rejected at 22:19:23 on 04 26 2017
0 stores rejected at 22:19:24 on 04 26 2017 out of 32, rate of accepted stores is 0.000000 percent
0 stores rejected at 22:23:15 on 04 26 2017 out of 1, rate of accepted stores is 0.000000 percent
['avalon-comics-and-games-santa-barbara', 's.txt'] store rejected at 22:44:26 on 04 26 2017
['barnes-and-noble-booksellers-merced', 's.txt'] store rejected at 22:44:28 on 04 26 2017
['barnes-and-noble-irvine-3', 's.txt'] store rejected at 22:44:29 on 04 26 2017
['fan-quest-yuma-2', 's.txt'] store rejected at 22:44:30 on 04 26 2017
0 stores rejected at 22:46:04 on 04 26 2017 out of 11, rate of accepted stores is 0.000000 percent
0 stores rejected at 22:49:02 on 04 26 2017 out of 25, rate of accepted stores is 0.000000 percent
['its-your-move-lone-tree', 's.txt'] store rejected at 14:06:11 on 04 27 2017
['michaels-las-vegas-6', 's.txt'] store rejected at 14:06:11 on 04 27 2017
['robs-r-c-hobbies-huntington-beach', 's.txt'] store rejected at 14:06:11 on 04 27 2017
['silver-wolf-comics-and-collectibles-bakersfield', 's.txt'] store rejected at 14:06:12 on 04 27 2017
['the-toy-store-in-quincy-quincy', 's.txt'] store rejected at 14:06:12 on 04 27 2017
['zacsters-hobbies-and-more-baywood-los-osos-2', 's.txt'] store rejected at 14:06:12 on 04 27 2017
0 stores rejected at 14:06:12 on 04 27 2017 out of 7, rate of accepted stores is 0.000000 percent
0 stores rejected at 14:09:07 on 04 27 2017 out of 52, rate of accepted stores is 0.000000 percent
0 stores rejected at 14:10:14 on 04 27 2017 out of 51, rate of accepted stores is 0.000000 percent
0 stores rejected at 14:11:25 on 04 27 2017 out of 51, rate of accepted stores is 0.000000 percent
0 stores rejected at 14:12:48 on 04 27 2017 out of 51, rate of accepted stores is 0.000000 percent
0 stores rejected at 14:13:26 on 04 27 2017 out of 51, rate of accepted stores is 0.000000 percent
0 stores rejected at 14:15:42 on 04 27 2017 out of 51, rate of accepted stores is 0.000000 percent
0 stores rejected at 14:17:20 on 04 27 2017 out of 5, rate of accepted stores is 0.000000 percent
0 stores rejected at 14:20:51 on 04 27 2017 out of 51, rate of accepted stores is 0.000000 percent
0 stores rejected at 14:22:57 on 04 27 2017 out of 51, rate of accepted stores is 0.000000 percent
0 stores rejected at 14:24:48 on 04 27 2017 out of 51, rate of accepted stores is 0.000000 percent
0 stores rejected at 14:51:10 on 04 27 2017 out of 50, rate of accepted stores is 0.000000 percent
0 stores rejected at 14:59:43 on 04 27 2017 out of 51, rate of accepted stores is 0.000000 percent
0 stores rejected at 15:01:10 on 04 27 2017 out of 51, rate of accepted stores is 0.000000 percent
0 stores rejected at 15:04:05 on 04 27 2017 out of 51, rate of accepted stores is 0.000000 percent
0 stores rejected at 15:06:33 on 04 27 2017 out of 51, rate of accepted stores is 0.000000 percent
0 stores rejected at 15:09:20 on 04 27 2017 out of 51, rate of accepted stores is 0.000000 percent
['anderson-pool-and-spa-pomona', 's.txt'] store rejected at 15:19:13 on 04 27 2017
['gigis-manitou-springs', 's.txt'] store rejected at 15:19:15 on 04 27 2017
['triangle-billiards-and-bar-stools-orange', 's.txt'] store rejected at 15:19:21 on 04 27 2017
3 stores rejected at 15:19:22 on 04 27 2017 out of 51, rate of accepted stores is 0.058824 percent
['all-about-games-boise-2', 's.txt'] store rejected at 09:43:37 on 04 28 2017
['hobby-town-usa-orem-2', 's.txt'] store rejected at 09:44:00 on 04 28 2017
['hobbytown-usa-spokane-2', 's.txt'] store rejected at 09:44:00 on 04 28 2017
['linas-dart-shop-salt-lake-city', 's.txt'] store rejected at 09:44:01 on 04 28 2017
['marbles-the-brain-store-king-of-prussia-2', 's.txt'] store rejected at 09:44:01 on 04 28 2017
['nitros-cards-and-games-salt-lake-city', 's.txt'] store rejected at 09:44:04 on 04 28 2017
['toytown-meridian', 's.txt'] store rejected at 09:44:13 on 04 28 2017
7 stores rejected at 09:44:17 on 04 28 2017 out of 38, rate of accepted stores is 0.184211 percent
['everything-coca-cola-las-vegas', 's.txt'] store rejected at 09:49:57 on 04 28 2017
['hobby-lobby-henderson', 's.txt'] store rejected at 09:49:57 on 04 28 2017
['hobbytown-usa-las-vegas', 's.txt'] store rejected at 09:49:57 on 04 28 2017
['michaels-las-vegas-4', 's.txt'] store rejected at 09:49:59 on 04 28 2017
['michaels-las-vegas-8', 's.txt'] store rejected at 09:49:59 on 04 28 2017
['new-sun-racing-brownsville', 's.txt'] store rejected at 09:49:59 on 04 28 2017
6 stores rejected at 09:50:08 on 04 28 2017 out of 25, rate of accepted stores is 0.240000 percent
0 stores rejected at 10:38:33 on 04 29 2017 out of 8, rate of accepted stores is 0.000000 percent
0 stores rejected at 10:41:14 on 04 29 2017 out of 8, rate of accepted stores is 0.000000 percent
0 stores rejected at 10:46:26 on 04 29 2017 out of 4, rate of accepted stores is 0.000000 percent
